[2025-06-29T17:12:50.415+0000] {processor.py:161} INFO - Started process (PID=167) to work on /opt/airflow/dags/hello_world_dag.py
[2025-06-29T17:12:50.416+0000] {processor.py:830} INFO - Processing file /opt/airflow/dags/hello_world_dag.py for tasks to queue
[2025-06-29T17:12:50.418+0000] {logging_mixin.py:188} INFO - [2025-06-29T17:12:50.417+0000] {dagbag.py:538} INFO - Filling up the DagBag from /opt/airflow/dags/hello_world_dag.py
[2025-06-29T17:12:50.463+0000] {processor.py:840} INFO - DAG(s) 'hello_world_dag' retrieved from /opt/airflow/dags/hello_world_dag.py
[2025-06-29T17:12:50.766+0000] {logging_mixin.py:188} INFO - [2025-06-29T17:12:50.765+0000] {override.py:1769} INFO - Created Permission View: can edit on DAG:hello_world_dag
[2025-06-29T17:12:50.782+0000] {logging_mixin.py:188} INFO - [2025-06-29T17:12:50.781+0000] {override.py:1769} INFO - Created Permission View: can read on DAG:hello_world_dag
[2025-06-29T17:12:50.793+0000] {logging_mixin.py:188} INFO - [2025-06-29T17:12:50.793+0000] {override.py:1769} INFO - Created Permission View: can delete on DAG:hello_world_dag
[2025-06-29T17:12:50.794+0000] {logging_mixin.py:188} INFO - [2025-06-29T17:12:50.794+0000] {dag.py:3036} INFO - Sync 1 DAGs
[2025-06-29T17:12:50.817+0000] {logging_mixin.py:188} INFO - [2025-06-29T17:12:50.816+0000] {dag.py:3058} INFO - Creating ORM DAG for hello_world_dag
[2025-06-29T17:12:50.845+0000] {logging_mixin.py:188} INFO - [2025-06-29T17:12:50.845+0000] {dag.py:3823} INFO - Setting next_dagrun for hello_world_dag to 2025-06-28 00:00:00+00:00, run_after=2025-06-29 00:00:00+00:00
[2025-06-29T17:12:50.885+0000] {processor.py:183} INFO - Processing /opt/airflow/dags/hello_world_dag.py took 0.475 seconds
[2025-06-29T17:13:21.300+0000] {processor.py:161} INFO - Started process (PID=172) to work on /opt/airflow/dags/hello_world_dag.py
[2025-06-29T17:13:21.302+0000] {processor.py:830} INFO - Processing file /opt/airflow/dags/hello_world_dag.py for tasks to queue
[2025-06-29T17:13:21.304+0000] {logging_mixin.py:188} INFO - [2025-06-29T17:13:21.303+0000] {dagbag.py:538} INFO - Filling up the DagBag from /opt/airflow/dags/hello_world_dag.py
[2025-06-29T17:13:21.337+0000] {processor.py:840} INFO - DAG(s) 'hello_world_dag' retrieved from /opt/airflow/dags/hello_world_dag.py
[2025-06-29T17:13:21.372+0000] {logging_mixin.py:188} INFO - [2025-06-29T17:13:21.372+0000] {dag.py:3036} INFO - Sync 1 DAGs
[2025-06-29T17:13:21.403+0000] {logging_mixin.py:188} INFO - [2025-06-29T17:13:21.403+0000] {dag.py:3823} INFO - Setting next_dagrun for hello_world_dag to 2025-06-28 00:00:00+00:00, run_after=2025-06-29 00:00:00+00:00
[2025-06-29T17:13:21.441+0000] {processor.py:183} INFO - Processing /opt/airflow/dags/hello_world_dag.py took 0.149 seconds
[2025-06-29T17:13:52.163+0000] {processor.py:161} INFO - Started process (PID=177) to work on /opt/airflow/dags/hello_world_dag.py
[2025-06-29T17:13:52.165+0000] {processor.py:830} INFO - Processing file /opt/airflow/dags/hello_world_dag.py for tasks to queue
[2025-06-29T17:13:52.166+0000] {logging_mixin.py:188} INFO - [2025-06-29T17:13:52.166+0000] {dagbag.py:538} INFO - Filling up the DagBag from /opt/airflow/dags/hello_world_dag.py
[2025-06-29T17:13:52.193+0000] {processor.py:840} INFO - DAG(s) 'hello_world_dag' retrieved from /opt/airflow/dags/hello_world_dag.py
[2025-06-29T17:13:52.241+0000] {logging_mixin.py:188} INFO - [2025-06-29T17:13:52.240+0000] {dag.py:3036} INFO - Sync 1 DAGs
[2025-06-29T17:13:52.266+0000] {logging_mixin.py:188} INFO - [2025-06-29T17:13:52.266+0000] {dag.py:3823} INFO - Setting next_dagrun for hello_world_dag to 2025-06-28 00:00:00+00:00, run_after=2025-06-29 00:00:00+00:00
[2025-06-29T17:13:52.294+0000] {processor.py:183} INFO - Processing /opt/airflow/dags/hello_world_dag.py took 0.137 seconds
[2025-06-29T17:14:23.326+0000] {processor.py:161} INFO - Started process (PID=182) to work on /opt/airflow/dags/hello_world_dag.py
[2025-06-29T17:14:23.327+0000] {processor.py:830} INFO - Processing file /opt/airflow/dags/hello_world_dag.py for tasks to queue
[2025-06-29T17:14:23.328+0000] {logging_mixin.py:188} INFO - [2025-06-29T17:14:23.328+0000] {dagbag.py:538} INFO - Filling up the DagBag from /opt/airflow/dags/hello_world_dag.py
[2025-06-29T17:14:23.352+0000] {processor.py:840} INFO - DAG(s) 'hello_world_dag' retrieved from /opt/airflow/dags/hello_world_dag.py
[2025-06-29T17:14:23.384+0000] {logging_mixin.py:188} INFO - [2025-06-29T17:14:23.384+0000] {dag.py:3036} INFO - Sync 1 DAGs
[2025-06-29T17:14:23.411+0000] {logging_mixin.py:188} INFO - [2025-06-29T17:14:23.411+0000] {dag.py:3823} INFO - Setting next_dagrun for hello_world_dag to 2025-06-28 00:00:00+00:00, run_after=2025-06-29 00:00:00+00:00
[2025-06-29T17:14:23.447+0000] {processor.py:183} INFO - Processing /opt/airflow/dags/hello_world_dag.py took 0.125 seconds
[2025-06-29T17:15:15.154+0000] {processor.py:161} INFO - Started process (PID=170) to work on /opt/airflow/dags/hello_world_dag.py
[2025-06-29T17:15:15.158+0000] {processor.py:830} INFO - Processing file /opt/airflow/dags/hello_world_dag.py for tasks to queue
[2025-06-29T17:15:15.160+0000] {logging_mixin.py:188} INFO - [2025-06-29T17:15:15.159+0000] {dagbag.py:538} INFO - Filling up the DagBag from /opt/airflow/dags/hello_world_dag.py
[2025-06-29T17:15:15.289+0000] {processor.py:840} INFO - DAG(s) 'hello_world_dag' retrieved from /opt/airflow/dags/hello_world_dag.py
[2025-06-29T17:15:15.399+0000] {logging_mixin.py:188} INFO - [2025-06-29T17:15:15.399+0000] {dag.py:3036} INFO - Sync 1 DAGs
[2025-06-29T17:15:15.440+0000] {logging_mixin.py:188} INFO - [2025-06-29T17:15:15.440+0000] {dag.py:3823} INFO - Setting next_dagrun for hello_world_dag to 2025-06-28 00:00:00+00:00, run_after=2025-06-29 00:00:00+00:00
[2025-06-29T17:15:15.481+0000] {processor.py:183} INFO - Processing /opt/airflow/dags/hello_world_dag.py took 0.337 seconds
[2025-06-29T17:15:46.417+0000] {processor.py:161} INFO - Started process (PID=182) to work on /opt/airflow/dags/hello_world_dag.py
[2025-06-29T17:15:46.418+0000] {processor.py:830} INFO - Processing file /opt/airflow/dags/hello_world_dag.py for tasks to queue
[2025-06-29T17:15:46.420+0000] {logging_mixin.py:188} INFO - [2025-06-29T17:15:46.419+0000] {dagbag.py:538} INFO - Filling up the DagBag from /opt/airflow/dags/hello_world_dag.py
[2025-06-29T17:15:46.444+0000] {processor.py:840} INFO - DAG(s) 'hello_world_dag' retrieved from /opt/airflow/dags/hello_world_dag.py
[2025-06-29T17:15:46.479+0000] {logging_mixin.py:188} INFO - [2025-06-29T17:15:46.478+0000] {dag.py:3036} INFO - Sync 1 DAGs
[2025-06-29T17:15:46.507+0000] {logging_mixin.py:188} INFO - [2025-06-29T17:15:46.506+0000] {dag.py:3823} INFO - Setting next_dagrun for hello_world_dag to 2025-06-28 00:00:00+00:00, run_after=2025-06-29 00:00:00+00:00
[2025-06-29T17:15:46.538+0000] {processor.py:183} INFO - Processing /opt/airflow/dags/hello_world_dag.py took 0.126 seconds
[2025-06-29T17:16:17.514+0000] {processor.py:161} INFO - Started process (PID=192) to work on /opt/airflow/dags/hello_world_dag.py
[2025-06-29T17:16:17.516+0000] {processor.py:830} INFO - Processing file /opt/airflow/dags/hello_world_dag.py for tasks to queue
[2025-06-29T17:16:17.517+0000] {logging_mixin.py:188} INFO - [2025-06-29T17:16:17.517+0000] {dagbag.py:538} INFO - Filling up the DagBag from /opt/airflow/dags/hello_world_dag.py
[2025-06-29T17:16:17.538+0000] {processor.py:840} INFO - DAG(s) 'hello_world_dag' retrieved from /opt/airflow/dags/hello_world_dag.py
[2025-06-29T17:16:17.573+0000] {logging_mixin.py:188} INFO - [2025-06-29T17:16:17.572+0000] {dag.py:3036} INFO - Sync 1 DAGs
[2025-06-29T17:16:17.601+0000] {logging_mixin.py:188} INFO - [2025-06-29T17:16:17.600+0000] {dag.py:3823} INFO - Setting next_dagrun for hello_world_dag to 2025-06-28 00:00:00+00:00, run_after=2025-06-29 00:00:00+00:00
[2025-06-29T17:16:17.639+0000] {processor.py:183} INFO - Processing /opt/airflow/dags/hello_world_dag.py took 0.128 seconds
[2025-06-29T17:16:48.523+0000] {processor.py:161} INFO - Started process (PID=202) to work on /opt/airflow/dags/hello_world_dag.py
[2025-06-29T17:16:48.525+0000] {processor.py:830} INFO - Processing file /opt/airflow/dags/hello_world_dag.py for tasks to queue
[2025-06-29T17:16:48.526+0000] {logging_mixin.py:188} INFO - [2025-06-29T17:16:48.526+0000] {dagbag.py:538} INFO - Filling up the DagBag from /opt/airflow/dags/hello_world_dag.py
[2025-06-29T17:16:47.875+0000] {processor.py:840} INFO - DAG(s) 'hello_world_dag' retrieved from /opt/airflow/dags/hello_world_dag.py
[2025-06-29T17:16:47.905+0000] {logging_mixin.py:188} INFO - [2025-06-29T17:16:47.905+0000] {dag.py:3036} INFO - Sync 1 DAGs
[2025-06-29T17:16:47.931+0000] {logging_mixin.py:188} INFO - [2025-06-29T17:16:47.931+0000] {dag.py:3823} INFO - Setting next_dagrun for hello_world_dag to 2025-06-28 00:00:00+00:00, run_after=2025-06-29 00:00:00+00:00
[2025-06-29T17:16:47.965+0000] {processor.py:183} INFO - Processing /opt/airflow/dags/hello_world_dag.py took 0.121 seconds
[2025-06-29T17:17:18.858+0000] {processor.py:161} INFO - Started process (PID=212) to work on /opt/airflow/dags/hello_world_dag.py
[2025-06-29T17:17:18.859+0000] {processor.py:830} INFO - Processing file /opt/airflow/dags/hello_world_dag.py for tasks to queue
[2025-06-29T17:17:18.861+0000] {logging_mixin.py:188} INFO - [2025-06-29T17:17:18.861+0000] {dagbag.py:538} INFO - Filling up the DagBag from /opt/airflow/dags/hello_world_dag.py
[2025-06-29T17:17:18.883+0000] {processor.py:840} INFO - DAG(s) 'hello_world_dag' retrieved from /opt/airflow/dags/hello_world_dag.py
[2025-06-29T17:17:18.920+0000] {logging_mixin.py:188} INFO - [2025-06-29T17:17:18.920+0000] {dag.py:3036} INFO - Sync 1 DAGs
[2025-06-29T17:17:18.949+0000] {logging_mixin.py:188} INFO - [2025-06-29T17:17:18.949+0000] {dag.py:3823} INFO - Setting next_dagrun for hello_world_dag to 2025-06-28 00:00:00+00:00, run_after=2025-06-29 00:00:00+00:00
[2025-06-29T17:17:18.975+0000] {processor.py:183} INFO - Processing /opt/airflow/dags/hello_world_dag.py took 0.121 seconds
[2025-06-29T17:17:49.064+0000] {processor.py:161} INFO - Started process (PID=222) to work on /opt/airflow/dags/hello_world_dag.py
[2025-06-29T17:17:49.066+0000] {processor.py:830} INFO - Processing file /opt/airflow/dags/hello_world_dag.py for tasks to queue
[2025-06-29T17:17:49.067+0000] {logging_mixin.py:188} INFO - [2025-06-29T17:17:49.067+0000] {dagbag.py:538} INFO - Filling up the DagBag from /opt/airflow/dags/hello_world_dag.py
[2025-06-29T17:17:49.088+0000] {processor.py:840} INFO - DAG(s) 'hello_world_dag' retrieved from /opt/airflow/dags/hello_world_dag.py
[2025-06-29T17:17:49.117+0000] {logging_mixin.py:188} INFO - [2025-06-29T17:17:49.117+0000] {dag.py:3036} INFO - Sync 1 DAGs
[2025-06-29T17:17:49.140+0000] {logging_mixin.py:188} INFO - [2025-06-29T17:17:49.140+0000] {dag.py:3823} INFO - Setting next_dagrun for hello_world_dag to 2025-06-28 00:00:00+00:00, run_after=2025-06-29 00:00:00+00:00
[2025-06-29T17:17:49.167+0000] {processor.py:183} INFO - Processing /opt/airflow/dags/hello_world_dag.py took 0.107 seconds
[2025-06-29T17:18:16.892+0000] {processor.py:161} INFO - Started process (PID=170) to work on /opt/airflow/dags/hello_world_dag.py
[2025-06-29T17:18:16.895+0000] {processor.py:830} INFO - Processing file /opt/airflow/dags/hello_world_dag.py for tasks to queue
[2025-06-29T17:18:16.898+0000] {logging_mixin.py:188} INFO - [2025-06-29T17:18:16.897+0000] {dagbag.py:538} INFO - Filling up the DagBag from /opt/airflow/dags/hello_world_dag.py
[2025-06-29T17:18:16.979+0000] {processor.py:840} INFO - DAG(s) 'hello_world_dag' retrieved from /opt/airflow/dags/hello_world_dag.py
[2025-06-29T17:18:17.083+0000] {logging_mixin.py:188} INFO - [2025-06-29T17:18:17.083+0000] {dag.py:3036} INFO - Sync 1 DAGs
[2025-06-29T17:18:17.129+0000] {logging_mixin.py:188} INFO - [2025-06-29T17:18:17.128+0000] {dag.py:3823} INFO - Setting next_dagrun for hello_world_dag to 2025-06-28 00:00:00+00:00, run_after=2025-06-29 00:00:00+00:00
[2025-06-29T17:18:17.164+0000] {processor.py:183} INFO - Processing /opt/airflow/dags/hello_world_dag.py took 0.285 seconds
[2025-06-29T17:18:48.092+0000] {processor.py:161} INFO - Started process (PID=182) to work on /opt/airflow/dags/hello_world_dag.py
[2025-06-29T17:18:48.093+0000] {processor.py:830} INFO - Processing file /opt/airflow/dags/hello_world_dag.py for tasks to queue
[2025-06-29T17:18:48.094+0000] {logging_mixin.py:188} INFO - [2025-06-29T17:18:48.094+0000] {dagbag.py:538} INFO - Filling up the DagBag from /opt/airflow/dags/hello_world_dag.py
[2025-06-29T17:18:48.116+0000] {processor.py:840} INFO - DAG(s) 'hello_world_dag' retrieved from /opt/airflow/dags/hello_world_dag.py
[2025-06-29T17:18:48.149+0000] {logging_mixin.py:188} INFO - [2025-06-29T17:18:48.149+0000] {dag.py:3036} INFO - Sync 1 DAGs
[2025-06-29T17:18:48.183+0000] {logging_mixin.py:188} INFO - [2025-06-29T17:18:48.183+0000] {dag.py:3823} INFO - Setting next_dagrun for hello_world_dag to 2025-06-28 00:00:00+00:00, run_after=2025-06-29 00:00:00+00:00
[2025-06-29T17:18:48.217+0000] {processor.py:183} INFO - Processing /opt/airflow/dags/hello_world_dag.py took 0.129 seconds
[2025-06-29T17:19:18.241+0000] {processor.py:161} INFO - Started process (PID=170) to work on /opt/airflow/dags/hello_world_dag.py
[2025-06-29T17:19:18.244+0000] {processor.py:830} INFO - Processing file /opt/airflow/dags/hello_world_dag.py for tasks to queue
[2025-06-29T17:19:18.246+0000] {logging_mixin.py:188} INFO - [2025-06-29T17:19:18.246+0000] {dagbag.py:538} INFO - Filling up the DagBag from /opt/airflow/dags/hello_world_dag.py
[2025-06-29T17:19:18.312+0000] {processor.py:840} INFO - DAG(s) 'hello_world_dag' retrieved from /opt/airflow/dags/hello_world_dag.py
[2025-06-29T17:19:18.391+0000] {logging_mixin.py:188} INFO - [2025-06-29T17:19:18.390+0000] {dag.py:3036} INFO - Sync 1 DAGs
[2025-06-29T17:19:18.424+0000] {logging_mixin.py:188} INFO - [2025-06-29T17:19:18.424+0000] {dag.py:3823} INFO - Setting next_dagrun for hello_world_dag to 2025-06-28 00:00:00+00:00, run_after=2025-06-29 00:00:00+00:00
[2025-06-29T17:19:18.458+0000] {processor.py:183} INFO - Processing /opt/airflow/dags/hello_world_dag.py took 0.229 seconds
[2025-06-29T17:20:01.307+0000] {processor.py:161} INFO - Started process (PID=170) to work on /opt/airflow/dags/hello_world_dag.py
[2025-06-29T17:20:01.309+0000] {processor.py:830} INFO - Processing file /opt/airflow/dags/hello_world_dag.py for tasks to queue
[2025-06-29T17:20:01.312+0000] {logging_mixin.py:188} INFO - [2025-06-29T17:20:01.311+0000] {dagbag.py:538} INFO - Filling up the DagBag from /opt/airflow/dags/hello_world_dag.py
[2025-06-29T17:20:01.368+0000] {processor.py:840} INFO - DAG(s) 'hello_world_dag' retrieved from /opt/airflow/dags/hello_world_dag.py
[2025-06-29T17:20:01.442+0000] {logging_mixin.py:188} INFO - [2025-06-29T17:20:01.442+0000] {dag.py:3036} INFO - Sync 1 DAGs
[2025-06-29T17:20:01.473+0000] {logging_mixin.py:188} INFO - [2025-06-29T17:20:01.472+0000] {dag.py:3823} INFO - Setting next_dagrun for hello_world_dag to 2025-06-28 00:00:00+00:00, run_after=2025-06-29 00:00:00+00:00
[2025-06-29T17:20:01.500+0000] {processor.py:183} INFO - Processing /opt/airflow/dags/hello_world_dag.py took 0.199 seconds
[2025-06-29T17:20:32.243+0000] {processor.py:161} INFO - Started process (PID=180) to work on /opt/airflow/dags/hello_world_dag.py
[2025-06-29T17:20:32.245+0000] {processor.py:830} INFO - Processing file /opt/airflow/dags/hello_world_dag.py for tasks to queue
[2025-06-29T17:20:32.246+0000] {logging_mixin.py:188} INFO - [2025-06-29T17:20:32.246+0000] {dagbag.py:538} INFO - Filling up the DagBag from /opt/airflow/dags/hello_world_dag.py
[2025-06-29T17:20:32.272+0000] {processor.py:840} INFO - DAG(s) 'hello_world_dag' retrieved from /opt/airflow/dags/hello_world_dag.py
[2025-06-29T17:20:32.306+0000] {logging_mixin.py:188} INFO - [2025-06-29T17:20:32.306+0000] {dag.py:3036} INFO - Sync 1 DAGs
[2025-06-29T17:20:32.332+0000] {logging_mixin.py:188} INFO - [2025-06-29T17:20:32.331+0000] {dag.py:3823} INFO - Setting next_dagrun for hello_world_dag to 2025-06-28 00:00:00+00:00, run_after=2025-06-29 00:00:00+00:00
[2025-06-29T17:20:32.354+0000] {processor.py:183} INFO - Processing /opt/airflow/dags/hello_world_dag.py took 0.115 seconds
[2025-06-29T17:21:03.398+0000] {processor.py:161} INFO - Started process (PID=192) to work on /opt/airflow/dags/hello_world_dag.py
[2025-06-29T17:21:03.399+0000] {processor.py:830} INFO - Processing file /opt/airflow/dags/hello_world_dag.py for tasks to queue
[2025-06-29T17:21:03.401+0000] {logging_mixin.py:188} INFO - [2025-06-29T17:21:03.401+0000] {dagbag.py:538} INFO - Filling up the DagBag from /opt/airflow/dags/hello_world_dag.py
[2025-06-29T17:21:03.425+0000] {processor.py:840} INFO - DAG(s) 'hello_world_dag' retrieved from /opt/airflow/dags/hello_world_dag.py
[2025-06-29T17:21:03.458+0000] {logging_mixin.py:188} INFO - [2025-06-29T17:21:03.458+0000] {dag.py:3036} INFO - Sync 1 DAGs
[2025-06-29T17:21:03.485+0000] {logging_mixin.py:188} INFO - [2025-06-29T17:21:03.484+0000] {dag.py:3823} INFO - Setting next_dagrun for hello_world_dag to 2025-06-28 00:00:00+00:00, run_after=2025-06-29 00:00:00+00:00
[2025-06-29T17:21:03.511+0000] {processor.py:183} INFO - Processing /opt/airflow/dags/hello_world_dag.py took 0.117 seconds
[2025-06-29T17:21:56.493+0000] {processor.py:161} INFO - Started process (PID=170) to work on /opt/airflow/dags/hello_world_dag.py
[2025-06-29T17:21:56.495+0000] {processor.py:830} INFO - Processing file /opt/airflow/dags/hello_world_dag.py for tasks to queue
[2025-06-29T17:21:56.497+0000] {logging_mixin.py:188} INFO - [2025-06-29T17:21:56.497+0000] {dagbag.py:538} INFO - Filling up the DagBag from /opt/airflow/dags/hello_world_dag.py
[2025-06-29T17:21:56.540+0000] {processor.py:840} INFO - DAG(s) 'hello_world_dag' retrieved from /opt/airflow/dags/hello_world_dag.py
[2025-06-29T17:21:56.623+0000] {logging_mixin.py:188} INFO - [2025-06-29T17:21:56.623+0000] {dag.py:3036} INFO - Sync 1 DAGs
[2025-06-29T17:21:56.663+0000] {logging_mixin.py:188} INFO - [2025-06-29T17:21:56.662+0000] {dag.py:3823} INFO - Setting next_dagrun for hello_world_dag to 2025-06-28 00:00:00+00:00, run_after=2025-06-29 00:00:00+00:00
[2025-06-29T17:21:56.709+0000] {processor.py:183} INFO - Processing /opt/airflow/dags/hello_world_dag.py took 0.223 seconds
[2025-06-29T17:22:27.546+0000] {processor.py:161} INFO - Started process (PID=180) to work on /opt/airflow/dags/hello_world_dag.py
[2025-06-29T17:22:27.548+0000] {processor.py:830} INFO - Processing file /opt/airflow/dags/hello_world_dag.py for tasks to queue
[2025-06-29T17:22:27.550+0000] {logging_mixin.py:188} INFO - [2025-06-29T17:22:27.549+0000] {dagbag.py:538} INFO - Filling up the DagBag from /opt/airflow/dags/hello_world_dag.py
[2025-06-29T17:22:27.575+0000] {processor.py:840} INFO - DAG(s) 'hello_world_dag' retrieved from /opt/airflow/dags/hello_world_dag.py
[2025-06-29T17:22:27.605+0000] {logging_mixin.py:188} INFO - [2025-06-29T17:22:27.605+0000] {dag.py:3036} INFO - Sync 1 DAGs
[2025-06-29T17:22:27.637+0000] {logging_mixin.py:188} INFO - [2025-06-29T17:22:27.637+0000] {dag.py:3823} INFO - Setting next_dagrun for hello_world_dag to 2025-06-28 00:00:00+00:00, run_after=2025-06-29 00:00:00+00:00
[2025-06-29T17:22:27.665+0000] {processor.py:183} INFO - Processing /opt/airflow/dags/hello_world_dag.py took 0.124 seconds
[2025-06-29T17:22:58.662+0000] {processor.py:161} INFO - Started process (PID=190) to work on /opt/airflow/dags/hello_world_dag.py
[2025-06-29T17:22:58.663+0000] {processor.py:830} INFO - Processing file /opt/airflow/dags/hello_world_dag.py for tasks to queue
[2025-06-29T17:22:58.664+0000] {logging_mixin.py:188} INFO - [2025-06-29T17:22:58.664+0000] {dagbag.py:538} INFO - Filling up the DagBag from /opt/airflow/dags/hello_world_dag.py
[2025-06-29T17:22:58.688+0000] {processor.py:840} INFO - DAG(s) 'hello_world_dag' retrieved from /opt/airflow/dags/hello_world_dag.py
[2025-06-29T17:22:58.719+0000] {logging_mixin.py:188} INFO - [2025-06-29T17:22:58.719+0000] {dag.py:3036} INFO - Sync 1 DAGs
[2025-06-29T17:22:58.746+0000] {logging_mixin.py:188} INFO - [2025-06-29T17:22:58.746+0000] {dag.py:3823} INFO - Setting next_dagrun for hello_world_dag to 2025-06-28 00:00:00+00:00, run_after=2025-06-29 00:00:00+00:00
[2025-06-29T17:22:58.774+0000] {processor.py:183} INFO - Processing /opt/airflow/dags/hello_world_dag.py took 0.116 seconds
[2025-06-29T17:23:29.189+0000] {processor.py:161} INFO - Started process (PID=200) to work on /opt/airflow/dags/hello_world_dag.py
[2025-06-29T17:23:29.190+0000] {processor.py:830} INFO - Processing file /opt/airflow/dags/hello_world_dag.py for tasks to queue
[2025-06-29T17:23:29.192+0000] {logging_mixin.py:188} INFO - [2025-06-29T17:23:29.191+0000] {dagbag.py:538} INFO - Filling up the DagBag from /opt/airflow/dags/hello_world_dag.py
[2025-06-29T17:23:29.218+0000] {processor.py:840} INFO - DAG(s) 'hello_world_dag' retrieved from /opt/airflow/dags/hello_world_dag.py
[2025-06-29T17:23:29.248+0000] {logging_mixin.py:188} INFO - [2025-06-29T17:23:29.248+0000] {dag.py:3036} INFO - Sync 1 DAGs
[2025-06-29T17:23:29.276+0000] {logging_mixin.py:188} INFO - [2025-06-29T17:23:29.276+0000] {dag.py:3823} INFO - Setting next_dagrun for hello_world_dag to 2025-06-28 00:00:00+00:00, run_after=2025-06-29 00:00:00+00:00
[2025-06-29T17:23:29.305+0000] {processor.py:183} INFO - Processing /opt/airflow/dags/hello_world_dag.py took 0.120 seconds
[2025-06-29T17:24:00.153+0000] {processor.py:161} INFO - Started process (PID=210) to work on /opt/airflow/dags/hello_world_dag.py
[2025-06-29T17:24:00.155+0000] {processor.py:830} INFO - Processing file /opt/airflow/dags/hello_world_dag.py for tasks to queue
[2025-06-29T17:24:00.156+0000] {logging_mixin.py:188} INFO - [2025-06-29T17:24:00.156+0000] {dagbag.py:538} INFO - Filling up the DagBag from /opt/airflow/dags/hello_world_dag.py
[2025-06-29T17:24:00.180+0000] {processor.py:840} INFO - DAG(s) 'hello_world_dag' retrieved from /opt/airflow/dags/hello_world_dag.py
[2025-06-29T17:24:00.213+0000] {logging_mixin.py:188} INFO - [2025-06-29T17:24:00.213+0000] {dag.py:3036} INFO - Sync 1 DAGs
[2025-06-29T17:24:00.243+0000] {logging_mixin.py:188} INFO - [2025-06-29T17:24:00.243+0000] {dag.py:3823} INFO - Setting next_dagrun for hello_world_dag to 2025-06-28 00:00:00+00:00, run_after=2025-06-29 00:00:00+00:00
[2025-06-29T17:24:00.270+0000] {processor.py:183} INFO - Processing /opt/airflow/dags/hello_world_dag.py took 0.123 seconds
[2025-06-29T17:24:31.159+0000] {processor.py:161} INFO - Started process (PID=220) to work on /opt/airflow/dags/hello_world_dag.py
[2025-06-29T17:24:31.160+0000] {processor.py:830} INFO - Processing file /opt/airflow/dags/hello_world_dag.py for tasks to queue
[2025-06-29T17:24:31.162+0000] {logging_mixin.py:188} INFO - [2025-06-29T17:24:31.161+0000] {dagbag.py:538} INFO - Filling up the DagBag from /opt/airflow/dags/hello_world_dag.py
[2025-06-29T17:24:31.189+0000] {processor.py:840} INFO - DAG(s) 'hello_world_dag' retrieved from /opt/airflow/dags/hello_world_dag.py
[2025-06-29T17:24:31.239+0000] {logging_mixin.py:188} INFO - [2025-06-29T17:24:31.239+0000] {dag.py:3036} INFO - Sync 1 DAGs
[2025-06-29T17:24:31.277+0000] {logging_mixin.py:188} INFO - [2025-06-29T17:24:31.277+0000] {dag.py:3823} INFO - Setting next_dagrun for hello_world_dag to 2025-06-28 00:00:00+00:00, run_after=2025-06-29 00:00:00+00:00
[2025-06-29T17:24:31.301+0000] {processor.py:183} INFO - Processing /opt/airflow/dags/hello_world_dag.py took 0.147 seconds
[2025-06-29T17:25:02.143+0000] {processor.py:161} INFO - Started process (PID=230) to work on /opt/airflow/dags/hello_world_dag.py
[2025-06-29T17:25:02.144+0000] {processor.py:830} INFO - Processing file /opt/airflow/dags/hello_world_dag.py for tasks to queue
[2025-06-29T17:25:02.145+0000] {logging_mixin.py:188} INFO - [2025-06-29T17:25:02.145+0000] {dagbag.py:538} INFO - Filling up the DagBag from /opt/airflow/dags/hello_world_dag.py
[2025-06-29T17:25:02.167+0000] {processor.py:840} INFO - DAG(s) 'hello_world_dag' retrieved from /opt/airflow/dags/hello_world_dag.py
[2025-06-29T17:25:02.198+0000] {logging_mixin.py:188} INFO - [2025-06-29T17:25:02.198+0000] {dag.py:3036} INFO - Sync 1 DAGs
[2025-06-29T17:25:02.225+0000] {logging_mixin.py:188} INFO - [2025-06-29T17:25:02.225+0000] {dag.py:3823} INFO - Setting next_dagrun for hello_world_dag to 2025-06-28 00:00:00+00:00, run_after=2025-06-29 00:00:00+00:00
[2025-06-29T17:25:02.261+0000] {processor.py:183} INFO - Processing /opt/airflow/dags/hello_world_dag.py took 0.123 seconds
[2025-06-29T17:25:32.572+0000] {processor.py:161} INFO - Started process (PID=240) to work on /opt/airflow/dags/hello_world_dag.py
[2025-06-29T17:25:32.573+0000] {processor.py:830} INFO - Processing file /opt/airflow/dags/hello_world_dag.py for tasks to queue
[2025-06-29T17:25:32.574+0000] {logging_mixin.py:188} INFO - [2025-06-29T17:25:32.573+0000] {dagbag.py:538} INFO - Filling up the DagBag from /opt/airflow/dags/hello_world_dag.py
[2025-06-29T17:25:32.595+0000] {processor.py:840} INFO - DAG(s) 'hello_world_dag' retrieved from /opt/airflow/dags/hello_world_dag.py
[2025-06-29T17:25:32.624+0000] {logging_mixin.py:188} INFO - [2025-06-29T17:25:32.624+0000] {dag.py:3036} INFO - Sync 1 DAGs
[2025-06-29T17:25:32.652+0000] {logging_mixin.py:188} INFO - [2025-06-29T17:25:32.651+0000] {dag.py:3823} INFO - Setting next_dagrun for hello_world_dag to 2025-06-28 00:00:00+00:00, run_after=2025-06-29 00:00:00+00:00
[2025-06-29T17:25:32.688+0000] {processor.py:183} INFO - Processing /opt/airflow/dags/hello_world_dag.py took 0.120 seconds
[2025-06-29T17:26:03.551+0000] {processor.py:161} INFO - Started process (PID=250) to work on /opt/airflow/dags/hello_world_dag.py
[2025-06-29T17:26:03.553+0000] {processor.py:830} INFO - Processing file /opt/airflow/dags/hello_world_dag.py for tasks to queue
[2025-06-29T17:26:03.556+0000] {logging_mixin.py:188} INFO - [2025-06-29T17:26:03.555+0000] {dagbag.py:538} INFO - Filling up the DagBag from /opt/airflow/dags/hello_world_dag.py
[2025-06-29T17:26:03.609+0000] {processor.py:840} INFO - DAG(s) 'hello_world_dag' retrieved from /opt/airflow/dags/hello_world_dag.py
[2025-06-29T17:26:03.644+0000] {logging_mixin.py:188} INFO - [2025-06-29T17:26:03.644+0000] {dag.py:3036} INFO - Sync 1 DAGs
[2025-06-29T17:26:03.683+0000] {logging_mixin.py:188} INFO - [2025-06-29T17:26:03.683+0000] {dag.py:3823} INFO - Setting next_dagrun for hello_world_dag to 2025-06-28 00:00:00+00:00, run_after=2025-06-29 00:00:00+00:00
[2025-06-29T17:26:03.717+0000] {processor.py:183} INFO - Processing /opt/airflow/dags/hello_world_dag.py took 0.174 seconds
[2025-06-29T17:26:34.476+0000] {processor.py:161} INFO - Started process (PID=260) to work on /opt/airflow/dags/hello_world_dag.py
[2025-06-29T17:26:34.477+0000] {processor.py:830} INFO - Processing file /opt/airflow/dags/hello_world_dag.py for tasks to queue
[2025-06-29T17:26:34.478+0000] {logging_mixin.py:188} INFO - [2025-06-29T17:26:34.478+0000] {dagbag.py:538} INFO - Filling up the DagBag from /opt/airflow/dags/hello_world_dag.py
[2025-06-29T17:26:34.500+0000] {processor.py:840} INFO - DAG(s) 'hello_world_dag' retrieved from /opt/airflow/dags/hello_world_dag.py
[2025-06-29T17:26:34.529+0000] {logging_mixin.py:188} INFO - [2025-06-29T17:26:34.528+0000] {dag.py:3036} INFO - Sync 1 DAGs
[2025-06-29T17:26:34.553+0000] {logging_mixin.py:188} INFO - [2025-06-29T17:26:34.553+0000] {dag.py:3823} INFO - Setting next_dagrun for hello_world_dag to 2025-06-28 00:00:00+00:00, run_after=2025-06-29 00:00:00+00:00
[2025-06-29T17:26:34.578+0000] {processor.py:183} INFO - Processing /opt/airflow/dags/hello_world_dag.py took 0.109 seconds
[2025-06-29T17:27:04.765+0000] {processor.py:161} INFO - Started process (PID=272) to work on /opt/airflow/dags/hello_world_dag.py
[2025-06-29T17:27:04.766+0000] {processor.py:830} INFO - Processing file /opt/airflow/dags/hello_world_dag.py for tasks to queue
[2025-06-29T17:27:04.767+0000] {logging_mixin.py:188} INFO - [2025-06-29T17:27:04.767+0000] {dagbag.py:538} INFO - Filling up the DagBag from /opt/airflow/dags/hello_world_dag.py
[2025-06-29T17:27:04.791+0000] {processor.py:840} INFO - DAG(s) 'hello_world_dag' retrieved from /opt/airflow/dags/hello_world_dag.py
[2025-06-29T17:27:04.821+0000] {logging_mixin.py:188} INFO - [2025-06-29T17:27:04.821+0000] {dag.py:3036} INFO - Sync 1 DAGs
[2025-06-29T17:27:04.845+0000] {logging_mixin.py:188} INFO - [2025-06-29T17:27:04.845+0000] {dag.py:3823} INFO - Setting next_dagrun for hello_world_dag to 2025-06-28 00:00:00+00:00, run_after=2025-06-29 00:00:00+00:00
[2025-06-29T17:27:04.872+0000] {processor.py:183} INFO - Processing /opt/airflow/dags/hello_world_dag.py took 0.112 seconds
[2025-06-29T17:27:35.783+0000] {processor.py:161} INFO - Started process (PID=280) to work on /opt/airflow/dags/hello_world_dag.py
[2025-06-29T17:27:35.784+0000] {processor.py:830} INFO - Processing file /opt/airflow/dags/hello_world_dag.py for tasks to queue
[2025-06-29T17:27:35.785+0000] {logging_mixin.py:188} INFO - [2025-06-29T17:27:35.785+0000] {dagbag.py:538} INFO - Filling up the DagBag from /opt/airflow/dags/hello_world_dag.py
[2025-06-29T17:27:35.807+0000] {processor.py:840} INFO - DAG(s) 'hello_world_dag' retrieved from /opt/airflow/dags/hello_world_dag.py
[2025-06-29T17:27:35.834+0000] {logging_mixin.py:188} INFO - [2025-06-29T17:27:35.834+0000] {dag.py:3036} INFO - Sync 1 DAGs
[2025-06-29T17:27:35.864+0000] {logging_mixin.py:188} INFO - [2025-06-29T17:27:35.863+0000] {dag.py:3823} INFO - Setting next_dagrun for hello_world_dag to 2025-06-28 00:00:00+00:00, run_after=2025-06-29 00:00:00+00:00
[2025-06-29T17:27:35.891+0000] {processor.py:183} INFO - Processing /opt/airflow/dags/hello_world_dag.py took 0.112 seconds
[2025-06-29T17:28:06.802+0000] {processor.py:161} INFO - Started process (PID=290) to work on /opt/airflow/dags/hello_world_dag.py
[2025-06-29T17:28:06.804+0000] {processor.py:830} INFO - Processing file /opt/airflow/dags/hello_world_dag.py for tasks to queue
[2025-06-29T17:28:06.805+0000] {logging_mixin.py:188} INFO - [2025-06-29T17:28:06.805+0000] {dagbag.py:538} INFO - Filling up the DagBag from /opt/airflow/dags/hello_world_dag.py
[2025-06-29T17:28:06.828+0000] {processor.py:840} INFO - DAG(s) 'hello_world_dag' retrieved from /opt/airflow/dags/hello_world_dag.py
[2025-06-29T17:28:06.856+0000] {logging_mixin.py:188} INFO - [2025-06-29T17:28:06.856+0000] {dag.py:3036} INFO - Sync 1 DAGs
[2025-06-29T17:28:06.884+0000] {logging_mixin.py:188} INFO - [2025-06-29T17:28:06.884+0000] {dag.py:3823} INFO - Setting next_dagrun for hello_world_dag to 2025-06-28 00:00:00+00:00, run_after=2025-06-29 00:00:00+00:00
[2025-06-29T17:28:06.911+0000] {processor.py:183} INFO - Processing /opt/airflow/dags/hello_world_dag.py took 0.114 seconds
[2025-06-29T17:28:57.694+0000] {processor.py:161} INFO - Started process (PID=170) to work on /opt/airflow/dags/hello_world_dag.py
[2025-06-29T17:28:57.696+0000] {processor.py:830} INFO - Processing file /opt/airflow/dags/hello_world_dag.py for tasks to queue
[2025-06-29T17:28:57.697+0000] {logging_mixin.py:188} INFO - [2025-06-29T17:28:57.697+0000] {dagbag.py:538} INFO - Filling up the DagBag from /opt/airflow/dags/hello_world_dag.py
[2025-06-29T17:28:57.742+0000] {processor.py:840} INFO - DAG(s) 'hello_world_dag' retrieved from /opt/airflow/dags/hello_world_dag.py
[2025-06-29T17:28:57.816+0000] {logging_mixin.py:188} INFO - [2025-06-29T17:28:57.815+0000] {dag.py:3036} INFO - Sync 1 DAGs
[2025-06-29T17:28:57.849+0000] {logging_mixin.py:188} INFO - [2025-06-29T17:28:57.849+0000] {dag.py:3823} INFO - Setting next_dagrun for hello_world_dag to 2025-06-28 00:00:00+00:00, run_after=2025-06-29 00:00:00+00:00
[2025-06-29T17:28:57.882+0000] {processor.py:183} INFO - Processing /opt/airflow/dags/hello_world_dag.py took 0.194 seconds
[2025-06-29T17:29:28.670+0000] {processor.py:161} INFO - Started process (PID=186) to work on /opt/airflow/dags/hello_world_dag.py
[2025-06-29T17:29:28.671+0000] {processor.py:830} INFO - Processing file /opt/airflow/dags/hello_world_dag.py for tasks to queue
[2025-06-29T17:29:28.674+0000] {logging_mixin.py:188} INFO - [2025-06-29T17:29:28.673+0000] {dagbag.py:538} INFO - Filling up the DagBag from /opt/airflow/dags/hello_world_dag.py
[2025-06-29T17:29:28.717+0000] {processor.py:840} INFO - DAG(s) 'hello_world_dag' retrieved from /opt/airflow/dags/hello_world_dag.py
[2025-06-29T17:29:28.758+0000] {logging_mixin.py:188} INFO - [2025-06-29T17:29:28.758+0000] {dag.py:3036} INFO - Sync 1 DAGs
[2025-06-29T17:29:28.787+0000] {logging_mixin.py:188} INFO - [2025-06-29T17:29:28.787+0000] {dag.py:3823} INFO - Setting next_dagrun for hello_world_dag to 2025-06-28 00:00:00+00:00, run_after=2025-06-29 00:00:00+00:00
[2025-06-29T17:29:28.811+0000] {processor.py:183} INFO - Processing /opt/airflow/dags/hello_world_dag.py took 0.146 seconds
[2025-06-29T17:30:08.293+0000] {processor.py:161} INFO - Started process (PID=167) to work on /opt/airflow/dags/hello_world_dag.py
[2025-06-29T17:30:08.295+0000] {processor.py:830} INFO - Processing file /opt/airflow/dags/hello_world_dag.py for tasks to queue
[2025-06-29T17:30:08.297+0000] {logging_mixin.py:188} INFO - [2025-06-29T17:30:08.296+0000] {dagbag.py:538} INFO - Filling up the DagBag from /opt/airflow/dags/hello_world_dag.py
[2025-06-29T17:30:08.366+0000] {processor.py:840} INFO - DAG(s) 'hello_world_dag' retrieved from /opt/airflow/dags/hello_world_dag.py
[2025-06-29T17:30:08.443+0000] {logging_mixin.py:188} INFO - [2025-06-29T17:30:08.442+0000] {dag.py:3036} INFO - Sync 1 DAGs
[2025-06-29T17:30:08.473+0000] {logging_mixin.py:188} INFO - [2025-06-29T17:30:08.473+0000] {dag.py:3823} INFO - Setting next_dagrun for hello_world_dag to 2025-06-28 00:00:00+00:00, run_after=2025-06-29 00:00:00+00:00
[2025-06-29T17:30:08.506+0000] {processor.py:183} INFO - Processing /opt/airflow/dags/hello_world_dag.py took 0.220 seconds
[2025-06-29T17:30:39.446+0000] {processor.py:161} INFO - Started process (PID=177) to work on /opt/airflow/dags/hello_world_dag.py
[2025-06-29T17:30:39.448+0000] {processor.py:830} INFO - Processing file /opt/airflow/dags/hello_world_dag.py for tasks to queue
[2025-06-29T17:30:39.449+0000] {logging_mixin.py:188} INFO - [2025-06-29T17:30:39.449+0000] {dagbag.py:538} INFO - Filling up the DagBag from /opt/airflow/dags/hello_world_dag.py
[2025-06-29T17:30:39.472+0000] {processor.py:840} INFO - DAG(s) 'hello_world_dag' retrieved from /opt/airflow/dags/hello_world_dag.py
[2025-06-29T17:30:39.506+0000] {logging_mixin.py:188} INFO - [2025-06-29T17:30:39.505+0000] {dag.py:3036} INFO - Sync 1 DAGs
[2025-06-29T17:30:39.536+0000] {logging_mixin.py:188} INFO - [2025-06-29T17:30:39.536+0000] {dag.py:3823} INFO - Setting next_dagrun for hello_world_dag to 2025-06-28 00:00:00+00:00, run_after=2025-06-29 00:00:00+00:00
[2025-06-29T17:30:39.559+0000] {processor.py:183} INFO - Processing /opt/airflow/dags/hello_world_dag.py took 0.118 seconds
[2025-06-29T17:31:09.702+0000] {processor.py:161} INFO - Started process (PID=187) to work on /opt/airflow/dags/hello_world_dag.py
[2025-06-29T17:31:09.703+0000] {processor.py:830} INFO - Processing file /opt/airflow/dags/hello_world_dag.py for tasks to queue
[2025-06-29T17:31:09.705+0000] {logging_mixin.py:188} INFO - [2025-06-29T17:31:09.704+0000] {dagbag.py:538} INFO - Filling up the DagBag from /opt/airflow/dags/hello_world_dag.py
[2025-06-29T17:31:09.730+0000] {processor.py:840} INFO - DAG(s) 'hello_world_dag' retrieved from /opt/airflow/dags/hello_world_dag.py
[2025-06-29T17:31:09.763+0000] {logging_mixin.py:188} INFO - [2025-06-29T17:31:09.763+0000] {dag.py:3036} INFO - Sync 1 DAGs
[2025-06-29T17:31:09.789+0000] {logging_mixin.py:188} INFO - [2025-06-29T17:31:09.789+0000] {dag.py:3823} INFO - Setting next_dagrun for hello_world_dag to 2025-06-28 00:00:00+00:00, run_after=2025-06-29 00:00:00+00:00
[2025-06-29T17:31:09.812+0000] {processor.py:183} INFO - Processing /opt/airflow/dags/hello_world_dag.py took 0.115 seconds
[2025-06-29T17:31:40.747+0000] {processor.py:161} INFO - Started process (PID=197) to work on /opt/airflow/dags/hello_world_dag.py
[2025-06-29T17:31:40.748+0000] {processor.py:830} INFO - Processing file /opt/airflow/dags/hello_world_dag.py for tasks to queue
[2025-06-29T17:31:40.749+0000] {logging_mixin.py:188} INFO - [2025-06-29T17:31:40.749+0000] {dagbag.py:538} INFO - Filling up the DagBag from /opt/airflow/dags/hello_world_dag.py
[2025-06-29T17:31:40.776+0000] {processor.py:840} INFO - DAG(s) 'hello_world_dag' retrieved from /opt/airflow/dags/hello_world_dag.py
[2025-06-29T17:31:40.807+0000] {logging_mixin.py:188} INFO - [2025-06-29T17:31:40.807+0000] {dag.py:3036} INFO - Sync 1 DAGs
[2025-06-29T17:31:40.837+0000] {logging_mixin.py:188} INFO - [2025-06-29T17:31:40.836+0000] {dag.py:3823} INFO - Setting next_dagrun for hello_world_dag to 2025-06-28 00:00:00+00:00, run_after=2025-06-29 00:00:00+00:00
[2025-06-29T17:31:40.860+0000] {processor.py:183} INFO - Processing /opt/airflow/dags/hello_world_dag.py took 0.117 seconds
[2025-06-29T17:32:11.783+0000] {processor.py:161} INFO - Started process (PID=207) to work on /opt/airflow/dags/hello_world_dag.py
[2025-06-29T17:32:11.784+0000] {processor.py:830} INFO - Processing file /opt/airflow/dags/hello_world_dag.py for tasks to queue
[2025-06-29T17:32:11.786+0000] {logging_mixin.py:188} INFO - [2025-06-29T17:32:11.786+0000] {dagbag.py:538} INFO - Filling up the DagBag from /opt/airflow/dags/hello_world_dag.py
[2025-06-29T17:32:11.816+0000] {processor.py:840} INFO - DAG(s) 'hello_world_dag' retrieved from /opt/airflow/dags/hello_world_dag.py
[2025-06-29T17:32:11.846+0000] {logging_mixin.py:188} INFO - [2025-06-29T17:32:11.846+0000] {dag.py:3036} INFO - Sync 1 DAGs
[2025-06-29T17:32:11.875+0000] {logging_mixin.py:188} INFO - [2025-06-29T17:32:11.875+0000] {dag.py:3823} INFO - Setting next_dagrun for hello_world_dag to 2025-06-28 00:00:00+00:00, run_after=2025-06-29 00:00:00+00:00
[2025-06-29T17:32:11.899+0000] {processor.py:183} INFO - Processing /opt/airflow/dags/hello_world_dag.py took 0.120 seconds
[2025-06-29T17:32:41.983+0000] {processor.py:161} INFO - Started process (PID=222) to work on /opt/airflow/dags/hello_world_dag.py
[2025-06-29T17:32:41.984+0000] {processor.py:830} INFO - Processing file /opt/airflow/dags/hello_world_dag.py for tasks to queue
[2025-06-29T17:32:41.986+0000] {logging_mixin.py:188} INFO - [2025-06-29T17:32:41.985+0000] {dagbag.py:538} INFO - Filling up the DagBag from /opt/airflow/dags/hello_world_dag.py
[2025-06-29T17:32:42.008+0000] {processor.py:840} INFO - DAG(s) 'hello_world_dag' retrieved from /opt/airflow/dags/hello_world_dag.py
[2025-06-29T17:32:42.037+0000] {logging_mixin.py:188} INFO - [2025-06-29T17:32:42.037+0000] {dag.py:3036} INFO - Sync 1 DAGs
[2025-06-29T17:32:42.062+0000] {logging_mixin.py:188} INFO - [2025-06-29T17:32:42.061+0000] {dag.py:3823} INFO - Setting next_dagrun for hello_world_dag to 2025-06-28 00:00:00+00:00, run_after=2025-06-29 00:00:00+00:00
[2025-06-29T17:32:42.087+0000] {processor.py:183} INFO - Processing /opt/airflow/dags/hello_world_dag.py took 0.109 seconds
[2025-06-29T17:33:12.136+0000] {processor.py:161} INFO - Started process (PID=227) to work on /opt/airflow/dags/hello_world_dag.py
[2025-06-29T17:33:12.138+0000] {processor.py:830} INFO - Processing file /opt/airflow/dags/hello_world_dag.py for tasks to queue
[2025-06-29T17:33:12.139+0000] {logging_mixin.py:188} INFO - [2025-06-29T17:33:12.139+0000] {dagbag.py:538} INFO - Filling up the DagBag from /opt/airflow/dags/hello_world_dag.py
[2025-06-29T17:33:12.163+0000] {processor.py:840} INFO - DAG(s) 'hello_world_dag' retrieved from /opt/airflow/dags/hello_world_dag.py
[2025-06-29T17:33:12.193+0000] {logging_mixin.py:188} INFO - [2025-06-29T17:33:12.192+0000] {dag.py:3036} INFO - Sync 1 DAGs
[2025-06-29T17:33:12.220+0000] {logging_mixin.py:188} INFO - [2025-06-29T17:33:12.220+0000] {dag.py:3823} INFO - Setting next_dagrun for hello_world_dag to 2025-06-28 00:00:00+00:00, run_after=2025-06-29 00:00:00+00:00
[2025-06-29T17:33:12.244+0000] {processor.py:183} INFO - Processing /opt/airflow/dags/hello_world_dag.py took 0.112 seconds
[2025-06-29T17:33:42.303+0000] {processor.py:161} INFO - Started process (PID=240) to work on /opt/airflow/dags/hello_world_dag.py
[2025-06-29T17:33:42.304+0000] {processor.py:830} INFO - Processing file /opt/airflow/dags/hello_world_dag.py for tasks to queue
[2025-06-29T17:33:42.306+0000] {logging_mixin.py:188} INFO - [2025-06-29T17:33:42.306+0000] {dagbag.py:538} INFO - Filling up the DagBag from /opt/airflow/dags/hello_world_dag.py
[2025-06-29T17:33:42.338+0000] {processor.py:840} INFO - DAG(s) 'hello_world_dag' retrieved from /opt/airflow/dags/hello_world_dag.py
[2025-06-29T17:33:42.367+0000] {logging_mixin.py:188} INFO - [2025-06-29T17:33:42.367+0000] {dag.py:3036} INFO - Sync 1 DAGs
[2025-06-29T17:33:42.391+0000] {logging_mixin.py:188} INFO - [2025-06-29T17:33:42.391+0000] {dag.py:3823} INFO - Setting next_dagrun for hello_world_dag to 2025-06-28 00:00:00+00:00, run_after=2025-06-29 00:00:00+00:00
[2025-06-29T17:33:42.421+0000] {processor.py:183} INFO - Processing /opt/airflow/dags/hello_world_dag.py took 0.122 seconds
[2025-06-29T17:34:13.421+0000] {processor.py:161} INFO - Started process (PID=257) to work on /opt/airflow/dags/hello_world_dag.py
[2025-06-29T17:34:13.422+0000] {processor.py:830} INFO - Processing file /opt/airflow/dags/hello_world_dag.py for tasks to queue
[2025-06-29T17:34:13.423+0000] {logging_mixin.py:188} INFO - [2025-06-29T17:34:13.423+0000] {dagbag.py:538} INFO - Filling up the DagBag from /opt/airflow/dags/hello_world_dag.py
[2025-06-29T17:34:13.450+0000] {processor.py:840} INFO - DAG(s) 'hello_world_dag' retrieved from /opt/airflow/dags/hello_world_dag.py
[2025-06-29T17:34:13.489+0000] {logging_mixin.py:188} INFO - [2025-06-29T17:34:13.489+0000] {dag.py:3036} INFO - Sync 1 DAGs
[2025-06-29T17:34:13.528+0000] {logging_mixin.py:188} INFO - [2025-06-29T17:34:13.527+0000] {dag.py:3823} INFO - Setting next_dagrun for hello_world_dag to 2025-06-28 00:00:00+00:00, run_after=2025-06-29 00:00:00+00:00
[2025-06-29T17:34:13.560+0000] {processor.py:183} INFO - Processing /opt/airflow/dags/hello_world_dag.py took 0.143 seconds
[2025-06-29T17:34:48.701+0000] {processor.py:161} INFO - Started process (PID=170) to work on /opt/airflow/dags/hello_world_dag.py
[2025-06-29T17:34:48.703+0000] {processor.py:830} INFO - Processing file /opt/airflow/dags/hello_world_dag.py for tasks to queue
[2025-06-29T17:34:48.706+0000] {logging_mixin.py:188} INFO - [2025-06-29T17:34:48.705+0000] {dagbag.py:538} INFO - Filling up the DagBag from /opt/airflow/dags/hello_world_dag.py
[2025-06-29T17:34:48.770+0000] {processor.py:840} INFO - DAG(s) 'hello_world_dag' retrieved from /opt/airflow/dags/hello_world_dag.py
[2025-06-29T17:34:48.854+0000] {logging_mixin.py:188} INFO - [2025-06-29T17:34:48.854+0000] {dag.py:3036} INFO - Sync 1 DAGs
[2025-06-29T17:34:48.890+0000] {logging_mixin.py:188} INFO - [2025-06-29T17:34:48.889+0000] {dag.py:3823} INFO - Setting next_dagrun for hello_world_dag to 2025-06-28 00:00:00+00:00, run_after=2025-06-29 00:00:00+00:00
[2025-06-29T17:34:48.928+0000] {processor.py:183} INFO - Processing /opt/airflow/dags/hello_world_dag.py took 0.234 seconds
[2025-06-29T17:35:19.842+0000] {processor.py:161} INFO - Started process (PID=182) to work on /opt/airflow/dags/hello_world_dag.py
[2025-06-29T17:35:19.844+0000] {processor.py:830} INFO - Processing file /opt/airflow/dags/hello_world_dag.py for tasks to queue
[2025-06-29T17:35:19.845+0000] {logging_mixin.py:188} INFO - [2025-06-29T17:35:19.845+0000] {dagbag.py:538} INFO - Filling up the DagBag from /opt/airflow/dags/hello_world_dag.py
[2025-06-29T17:35:19.877+0000] {processor.py:840} INFO - DAG(s) 'hello_world_dag' retrieved from /opt/airflow/dags/hello_world_dag.py
[2025-06-29T17:35:19.919+0000] {logging_mixin.py:188} INFO - [2025-06-29T17:35:19.919+0000] {dag.py:3036} INFO - Sync 1 DAGs
[2025-06-29T17:35:19.957+0000] {logging_mixin.py:188} INFO - [2025-06-29T17:35:19.956+0000] {dag.py:3823} INFO - Setting next_dagrun for hello_world_dag to 2025-06-28 00:00:00+00:00, run_after=2025-06-29 00:00:00+00:00
[2025-06-29T17:35:19.331+0000] {processor.py:183} INFO - Processing /opt/airflow/dags/hello_world_dag.py took 0.157 seconds
[2025-06-29T17:35:49.457+0000] {processor.py:161} INFO - Started process (PID=190) to work on /opt/airflow/dags/hello_world_dag.py
[2025-06-29T17:35:49.458+0000] {processor.py:830} INFO - Processing file /opt/airflow/dags/hello_world_dag.py for tasks to queue
[2025-06-29T17:35:49.460+0000] {logging_mixin.py:188} INFO - [2025-06-29T17:35:49.459+0000] {dagbag.py:538} INFO - Filling up the DagBag from /opt/airflow/dags/hello_world_dag.py
[2025-06-29T17:35:49.485+0000] {processor.py:840} INFO - DAG(s) 'hello_world_dag' retrieved from /opt/airflow/dags/hello_world_dag.py
[2025-06-29T17:35:49.522+0000] {logging_mixin.py:188} INFO - [2025-06-29T17:35:49.521+0000] {dag.py:3036} INFO - Sync 1 DAGs
[2025-06-29T17:35:49.556+0000] {logging_mixin.py:188} INFO - [2025-06-29T17:35:49.556+0000] {dag.py:3823} INFO - Setting next_dagrun for hello_world_dag to 2025-06-28 00:00:00+00:00, run_after=2025-06-29 00:00:00+00:00
[2025-06-29T17:35:49.580+0000] {processor.py:183} INFO - Processing /opt/airflow/dags/hello_world_dag.py took 0.128 seconds
[2025-06-29T17:36:20.527+0000] {processor.py:161} INFO - Started process (PID=200) to work on /opt/airflow/dags/hello_world_dag.py
[2025-06-29T17:36:20.529+0000] {processor.py:830} INFO - Processing file /opt/airflow/dags/hello_world_dag.py for tasks to queue
[2025-06-29T17:36:20.530+0000] {logging_mixin.py:188} INFO - [2025-06-29T17:36:20.529+0000] {dagbag.py:538} INFO - Filling up the DagBag from /opt/airflow/dags/hello_world_dag.py
[2025-06-29T17:36:20.558+0000] {processor.py:840} INFO - DAG(s) 'hello_world_dag' retrieved from /opt/airflow/dags/hello_world_dag.py
[2025-06-29T17:36:20.592+0000] {logging_mixin.py:188} INFO - [2025-06-29T17:36:20.591+0000] {dag.py:3036} INFO - Sync 1 DAGs
[2025-06-29T17:36:20.620+0000] {logging_mixin.py:188} INFO - [2025-06-29T17:36:20.620+0000] {dag.py:3823} INFO - Setting next_dagrun for hello_world_dag to 2025-06-28 00:00:00+00:00, run_after=2025-06-29 00:00:00+00:00
[2025-06-29T17:36:20.646+0000] {processor.py:183} INFO - Processing /opt/airflow/dags/hello_world_dag.py took 0.123 seconds
[2025-06-29T17:36:50.693+0000] {processor.py:161} INFO - Started process (PID=210) to work on /opt/airflow/dags/hello_world_dag.py
[2025-06-29T17:36:50.694+0000] {processor.py:830} INFO - Processing file /opt/airflow/dags/hello_world_dag.py for tasks to queue
[2025-06-29T17:36:50.696+0000] {logging_mixin.py:188} INFO - [2025-06-29T17:36:50.695+0000] {dagbag.py:538} INFO - Filling up the DagBag from /opt/airflow/dags/hello_world_dag.py
[2025-06-29T17:36:50.721+0000] {processor.py:840} INFO - DAG(s) 'hello_world_dag' retrieved from /opt/airflow/dags/hello_world_dag.py
[2025-06-29T17:36:50.751+0000] {logging_mixin.py:188} INFO - [2025-06-29T17:36:50.751+0000] {dag.py:3036} INFO - Sync 1 DAGs
[2025-06-29T17:36:50.775+0000] {logging_mixin.py:188} INFO - [2025-06-29T17:36:50.775+0000] {dag.py:3823} INFO - Setting next_dagrun for hello_world_dag to 2025-06-28 00:00:00+00:00, run_after=2025-06-29 00:00:00+00:00
[2025-06-29T17:36:50.800+0000] {processor.py:183} INFO - Processing /opt/airflow/dags/hello_world_dag.py took 0.112 seconds
[2025-06-29T17:37:21.709+0000] {processor.py:161} INFO - Started process (PID=220) to work on /opt/airflow/dags/hello_world_dag.py
[2025-06-29T17:37:21.710+0000] {processor.py:830} INFO - Processing file /opt/airflow/dags/hello_world_dag.py for tasks to queue
[2025-06-29T17:37:21.712+0000] {logging_mixin.py:188} INFO - [2025-06-29T17:37:21.711+0000] {dagbag.py:538} INFO - Filling up the DagBag from /opt/airflow/dags/hello_world_dag.py
[2025-06-29T17:37:21.737+0000] {processor.py:840} INFO - DAG(s) 'hello_world_dag' retrieved from /opt/airflow/dags/hello_world_dag.py
[2025-06-29T17:37:21.767+0000] {logging_mixin.py:188} INFO - [2025-06-29T17:37:21.766+0000] {dag.py:3036} INFO - Sync 1 DAGs
[2025-06-29T17:37:21.793+0000] {logging_mixin.py:188} INFO - [2025-06-29T17:37:21.793+0000] {dag.py:3823} INFO - Setting next_dagrun for hello_world_dag to 2025-06-28 00:00:00+00:00, run_after=2025-06-29 00:00:00+00:00
[2025-06-29T17:37:21.816+0000] {processor.py:183} INFO - Processing /opt/airflow/dags/hello_world_dag.py took 0.113 seconds
[2025-06-29T17:38:09.820+0000] {processor.py:161} INFO - Started process (PID=170) to work on /opt/airflow/dags/hello_world_dag.py
[2025-06-29T17:38:09.822+0000] {processor.py:830} INFO - Processing file /opt/airflow/dags/hello_world_dag.py for tasks to queue
[2025-06-29T17:38:09.824+0000] {logging_mixin.py:188} INFO - [2025-06-29T17:38:09.823+0000] {dagbag.py:538} INFO - Filling up the DagBag from /opt/airflow/dags/hello_world_dag.py
[2025-06-29T17:38:09.863+0000] {processor.py:840} INFO - DAG(s) 'hello_world_dag' retrieved from /opt/airflow/dags/hello_world_dag.py
[2025-06-29T17:38:09.947+0000] {logging_mixin.py:188} INFO - [2025-06-29T17:38:09.946+0000] {dag.py:3036} INFO - Sync 1 DAGs
[2025-06-29T17:38:09.987+0000] {logging_mixin.py:188} INFO - [2025-06-29T17:38:09.986+0000] {dag.py:3823} INFO - Setting next_dagrun for hello_world_dag to 2025-06-28 00:00:00+00:00, run_after=2025-06-29 00:00:00+00:00
[2025-06-29T17:38:10.023+0000] {processor.py:183} INFO - Processing /opt/airflow/dags/hello_world_dag.py took 0.210 seconds
[2025-06-29T17:38:40.375+0000] {processor.py:161} INFO - Started process (PID=180) to work on /opt/airflow/dags/hello_world_dag.py
[2025-06-29T17:38:40.377+0000] {processor.py:830} INFO - Processing file /opt/airflow/dags/hello_world_dag.py for tasks to queue
[2025-06-29T17:38:40.378+0000] {logging_mixin.py:188} INFO - [2025-06-29T17:38:40.377+0000] {dagbag.py:538} INFO - Filling up the DagBag from /opt/airflow/dags/hello_world_dag.py
[2025-06-29T17:38:40.403+0000] {processor.py:840} INFO - DAG(s) 'hello_world_dag' retrieved from /opt/airflow/dags/hello_world_dag.py
[2025-06-29T17:38:40.441+0000] {logging_mixin.py:188} INFO - [2025-06-29T17:38:40.441+0000] {dag.py:3036} INFO - Sync 1 DAGs
[2025-06-29T17:38:40.472+0000] {logging_mixin.py:188} INFO - [2025-06-29T17:38:40.471+0000] {dag.py:3823} INFO - Setting next_dagrun for hello_world_dag to 2025-06-28 00:00:00+00:00, run_after=2025-06-29 00:00:00+00:00
[2025-06-29T17:38:40.503+0000] {processor.py:183} INFO - Processing /opt/airflow/dags/hello_world_dag.py took 0.136 seconds
[2025-06-29T17:39:11.352+0000] {processor.py:161} INFO - Started process (PID=192) to work on /opt/airflow/dags/hello_world_dag.py
[2025-06-29T17:39:11.353+0000] {processor.py:830} INFO - Processing file /opt/airflow/dags/hello_world_dag.py for tasks to queue
[2025-06-29T17:39:11.354+0000] {logging_mixin.py:188} INFO - [2025-06-29T17:39:11.354+0000] {dagbag.py:538} INFO - Filling up the DagBag from /opt/airflow/dags/hello_world_dag.py
[2025-06-29T17:39:11.375+0000] {processor.py:840} INFO - DAG(s) 'hello_world_dag' retrieved from /opt/airflow/dags/hello_world_dag.py
[2025-06-29T17:39:11.408+0000] {logging_mixin.py:188} INFO - [2025-06-29T17:39:11.408+0000] {dag.py:3036} INFO - Sync 1 DAGs
[2025-06-29T17:39:11.458+0000] {logging_mixin.py:188} INFO - [2025-06-29T17:39:11.457+0000] {dag.py:3823} INFO - Setting next_dagrun for hello_world_dag to 2025-06-28 00:00:00+00:00, run_after=2025-06-29 00:00:00+00:00
[2025-06-29T17:39:11.522+0000] {processor.py:183} INFO - Processing /opt/airflow/dags/hello_world_dag.py took 0.173 seconds
[2025-06-29T17:39:41.679+0000] {processor.py:161} INFO - Started process (PID=202) to work on /opt/airflow/dags/hello_world_dag.py
[2025-06-29T17:39:41.681+0000] {processor.py:830} INFO - Processing file /opt/airflow/dags/hello_world_dag.py for tasks to queue
[2025-06-29T17:39:41.682+0000] {logging_mixin.py:188} INFO - [2025-06-29T17:39:41.682+0000] {dagbag.py:538} INFO - Filling up the DagBag from /opt/airflow/dags/hello_world_dag.py
[2025-06-29T17:39:41.708+0000] {processor.py:840} INFO - DAG(s) 'hello_world_dag' retrieved from /opt/airflow/dags/hello_world_dag.py
[2025-06-29T17:39:41.739+0000] {logging_mixin.py:188} INFO - [2025-06-29T17:39:41.738+0000] {dag.py:3036} INFO - Sync 1 DAGs
[2025-06-29T17:39:41.767+0000] {logging_mixin.py:188} INFO - [2025-06-29T17:39:41.767+0000] {dag.py:3823} INFO - Setting next_dagrun for hello_world_dag to 2025-06-28 00:00:00+00:00, run_after=2025-06-29 00:00:00+00:00
[2025-06-29T17:39:41.795+0000] {processor.py:183} INFO - Processing /opt/airflow/dags/hello_world_dag.py took 0.120 seconds
[2025-06-29T17:40:12.793+0000] {processor.py:161} INFO - Started process (PID=212) to work on /opt/airflow/dags/hello_world_dag.py
[2025-06-29T17:40:12.794+0000] {processor.py:830} INFO - Processing file /opt/airflow/dags/hello_world_dag.py for tasks to queue
[2025-06-29T17:40:12.795+0000] {logging_mixin.py:188} INFO - [2025-06-29T17:40:12.795+0000] {dagbag.py:538} INFO - Filling up the DagBag from /opt/airflow/dags/hello_world_dag.py
[2025-06-29T17:40:12.817+0000] {processor.py:840} INFO - DAG(s) 'hello_world_dag' retrieved from /opt/airflow/dags/hello_world_dag.py
[2025-06-29T17:40:12.848+0000] {logging_mixin.py:188} INFO - [2025-06-29T17:40:12.848+0000] {dag.py:3036} INFO - Sync 1 DAGs
[2025-06-29T17:40:12.874+0000] {logging_mixin.py:188} INFO - [2025-06-29T17:40:12.874+0000] {dag.py:3823} INFO - Setting next_dagrun for hello_world_dag to 2025-06-28 00:00:00+00:00, run_after=2025-06-29 00:00:00+00:00
[2025-06-29T17:40:12.904+0000] {processor.py:183} INFO - Processing /opt/airflow/dags/hello_world_dag.py took 0.116 seconds
[2025-06-29T17:40:43.885+0000] {processor.py:161} INFO - Started process (PID=222) to work on /opt/airflow/dags/hello_world_dag.py
[2025-06-29T17:40:43.887+0000] {processor.py:830} INFO - Processing file /opt/airflow/dags/hello_world_dag.py for tasks to queue
[2025-06-29T17:40:43.888+0000] {logging_mixin.py:188} INFO - [2025-06-29T17:40:43.888+0000] {dagbag.py:538} INFO - Filling up the DagBag from /opt/airflow/dags/hello_world_dag.py
[2025-06-29T17:40:43.911+0000] {processor.py:840} INFO - DAG(s) 'hello_world_dag' retrieved from /opt/airflow/dags/hello_world_dag.py
[2025-06-29T17:40:43.940+0000] {logging_mixin.py:188} INFO - [2025-06-29T17:40:43.940+0000] {dag.py:3036} INFO - Sync 1 DAGs
[2025-06-29T17:40:43.969+0000] {logging_mixin.py:188} INFO - [2025-06-29T17:40:43.968+0000] {dag.py:3823} INFO - Setting next_dagrun for hello_world_dag to 2025-06-28 00:00:00+00:00, run_after=2025-06-29 00:00:00+00:00
[2025-06-29T17:40:43.998+0000] {processor.py:183} INFO - Processing /opt/airflow/dags/hello_world_dag.py took 0.117 seconds
[2025-06-29T17:41:14.985+0000] {processor.py:161} INFO - Started process (PID=232) to work on /opt/airflow/dags/hello_world_dag.py
[2025-06-29T17:41:14.986+0000] {processor.py:830} INFO - Processing file /opt/airflow/dags/hello_world_dag.py for tasks to queue
[2025-06-29T17:41:14.988+0000] {logging_mixin.py:188} INFO - [2025-06-29T17:41:14.987+0000] {dagbag.py:538} INFO - Filling up the DagBag from /opt/airflow/dags/hello_world_dag.py
[2025-06-29T17:41:15.014+0000] {processor.py:840} INFO - DAG(s) 'hello_world_dag' retrieved from /opt/airflow/dags/hello_world_dag.py
[2025-06-29T17:41:15.047+0000] {logging_mixin.py:188} INFO - [2025-06-29T17:41:15.046+0000] {dag.py:3036} INFO - Sync 1 DAGs
[2025-06-29T17:41:15.076+0000] {logging_mixin.py:188} INFO - [2025-06-29T17:41:15.076+0000] {dag.py:3823} INFO - Setting next_dagrun for hello_world_dag to 2025-06-28 00:00:00+00:00, run_after=2025-06-29 00:00:00+00:00
[2025-06-29T17:41:15.103+0000] {processor.py:183} INFO - Processing /opt/airflow/dags/hello_world_dag.py took 0.122 seconds
[2025-06-29T17:41:45.333+0000] {processor.py:161} INFO - Started process (PID=242) to work on /opt/airflow/dags/hello_world_dag.py
[2025-06-29T17:41:45.334+0000] {processor.py:830} INFO - Processing file /opt/airflow/dags/hello_world_dag.py for tasks to queue
[2025-06-29T17:41:45.335+0000] {logging_mixin.py:188} INFO - [2025-06-29T17:41:45.334+0000] {dagbag.py:538} INFO - Filling up the DagBag from /opt/airflow/dags/hello_world_dag.py
[2025-06-29T17:41:45.357+0000] {processor.py:840} INFO - DAG(s) 'hello_world_dag' retrieved from /opt/airflow/dags/hello_world_dag.py
[2025-06-29T17:41:45.386+0000] {logging_mixin.py:188} INFO - [2025-06-29T17:41:45.386+0000] {dag.py:3036} INFO - Sync 1 DAGs
[2025-06-29T17:41:45.411+0000] {logging_mixin.py:188} INFO - [2025-06-29T17:41:45.411+0000] {dag.py:3823} INFO - Setting next_dagrun for hello_world_dag to 2025-06-28 00:00:00+00:00, run_after=2025-06-29 00:00:00+00:00
[2025-06-29T17:41:45.439+0000] {processor.py:183} INFO - Processing /opt/airflow/dags/hello_world_dag.py took 0.110 seconds
[2025-06-29T17:42:15.672+0000] {processor.py:161} INFO - Started process (PID=252) to work on /opt/airflow/dags/hello_world_dag.py
[2025-06-29T17:42:15.673+0000] {processor.py:830} INFO - Processing file /opt/airflow/dags/hello_world_dag.py for tasks to queue
[2025-06-29T17:42:15.675+0000] {logging_mixin.py:188} INFO - [2025-06-29T17:42:15.674+0000] {dagbag.py:538} INFO - Filling up the DagBag from /opt/airflow/dags/hello_world_dag.py
[2025-06-29T17:42:15.696+0000] {processor.py:840} INFO - DAG(s) 'hello_world_dag' retrieved from /opt/airflow/dags/hello_world_dag.py
[2025-06-29T17:42:15.728+0000] {logging_mixin.py:188} INFO - [2025-06-29T17:42:15.727+0000] {dag.py:3036} INFO - Sync 1 DAGs
[2025-06-29T17:42:15.755+0000] {logging_mixin.py:188} INFO - [2025-06-29T17:42:15.755+0000] {dag.py:3823} INFO - Setting next_dagrun for hello_world_dag to 2025-06-28 00:00:00+00:00, run_after=2025-06-29 00:00:00+00:00
[2025-06-29T17:42:15.783+0000] {processor.py:183} INFO - Processing /opt/airflow/dags/hello_world_dag.py took 0.115 seconds
[2025-06-29T17:42:46.472+0000] {processor.py:161} INFO - Started process (PID=262) to work on /opt/airflow/dags/hello_world_dag.py
[2025-06-29T17:42:46.474+0000] {processor.py:830} INFO - Processing file /opt/airflow/dags/hello_world_dag.py for tasks to queue
[2025-06-29T17:42:46.475+0000] {logging_mixin.py:188} INFO - [2025-06-29T17:42:46.475+0000] {dagbag.py:538} INFO - Filling up the DagBag from /opt/airflow/dags/hello_world_dag.py
[2025-06-29T17:42:46.498+0000] {processor.py:840} INFO - DAG(s) 'hello_world_dag' retrieved from /opt/airflow/dags/hello_world_dag.py
[2025-06-29T17:42:46.529+0000] {logging_mixin.py:188} INFO - [2025-06-29T17:42:46.529+0000] {dag.py:3036} INFO - Sync 1 DAGs
[2025-06-29T17:42:46.560+0000] {logging_mixin.py:188} INFO - [2025-06-29T17:42:46.560+0000] {dag.py:3823} INFO - Setting next_dagrun for hello_world_dag to 2025-06-28 00:00:00+00:00, run_after=2025-06-29 00:00:00+00:00
[2025-06-29T17:42:46.588+0000] {processor.py:183} INFO - Processing /opt/airflow/dags/hello_world_dag.py took 0.121 seconds
[2025-06-29T17:43:16.771+0000] {processor.py:161} INFO - Started process (PID=272) to work on /opt/airflow/dags/hello_world_dag.py
[2025-06-29T17:43:16.773+0000] {processor.py:830} INFO - Processing file /opt/airflow/dags/hello_world_dag.py for tasks to queue
[2025-06-29T17:43:16.775+0000] {logging_mixin.py:188} INFO - [2025-06-29T17:43:16.775+0000] {dagbag.py:538} INFO - Filling up the DagBag from /opt/airflow/dags/hello_world_dag.py
[2025-06-29T17:43:16.800+0000] {processor.py:840} INFO - DAG(s) 'hello_world_dag' retrieved from /opt/airflow/dags/hello_world_dag.py
[2025-06-29T17:43:16.830+0000] {logging_mixin.py:188} INFO - [2025-06-29T17:43:16.830+0000] {dag.py:3036} INFO - Sync 1 DAGs
[2025-06-29T17:43:16.858+0000] {logging_mixin.py:188} INFO - [2025-06-29T17:43:16.857+0000] {dag.py:3823} INFO - Setting next_dagrun for hello_world_dag to 2025-06-28 00:00:00+00:00, run_after=2025-06-29 00:00:00+00:00
[2025-06-29T17:43:16.889+0000] {processor.py:183} INFO - Processing /opt/airflow/dags/hello_world_dag.py took 0.123 seconds
[2025-06-29T17:44:02.691+0000] {processor.py:161} INFO - Started process (PID=170) to work on /opt/airflow/dags/hello_world_dag.py
[2025-06-29T17:44:02.694+0000] {processor.py:830} INFO - Processing file /opt/airflow/dags/hello_world_dag.py for tasks to queue
[2025-06-29T17:44:02.696+0000] {logging_mixin.py:188} INFO - [2025-06-29T17:44:02.696+0000] {dagbag.py:538} INFO - Filling up the DagBag from /opt/airflow/dags/hello_world_dag.py
[2025-06-29T17:44:02.747+0000] {processor.py:840} INFO - DAG(s) 'hello_world_dag' retrieved from /opt/airflow/dags/hello_world_dag.py
[2025-06-29T17:44:02.843+0000] {logging_mixin.py:188} INFO - [2025-06-29T17:44:02.843+0000] {dag.py:3036} INFO - Sync 1 DAGs
[2025-06-29T17:44:02.883+0000] {logging_mixin.py:188} INFO - [2025-06-29T17:44:02.883+0000] {dag.py:3823} INFO - Setting next_dagrun for hello_world_dag to 2025-06-28 00:00:00+00:00, run_after=2025-06-29 00:00:00+00:00
[2025-06-29T17:44:02.922+0000] {processor.py:183} INFO - Processing /opt/airflow/dags/hello_world_dag.py took 0.238 seconds
[2025-06-29T17:44:33.647+0000] {processor.py:161} INFO - Started process (PID=180) to work on /opt/airflow/dags/hello_world_dag.py
[2025-06-29T17:44:33.648+0000] {processor.py:830} INFO - Processing file /opt/airflow/dags/hello_world_dag.py for tasks to queue
[2025-06-29T17:44:33.650+0000] {logging_mixin.py:188} INFO - [2025-06-29T17:44:33.649+0000] {dagbag.py:538} INFO - Filling up the DagBag from /opt/airflow/dags/hello_world_dag.py
[2025-06-29T17:44:33.677+0000] {processor.py:840} INFO - DAG(s) 'hello_world_dag' retrieved from /opt/airflow/dags/hello_world_dag.py
[2025-06-29T17:44:33.712+0000] {logging_mixin.py:188} INFO - [2025-06-29T17:44:33.712+0000] {dag.py:3036} INFO - Sync 1 DAGs
[2025-06-29T17:44:33.744+0000] {logging_mixin.py:188} INFO - [2025-06-29T17:44:33.743+0000] {dag.py:3823} INFO - Setting next_dagrun for hello_world_dag to 2025-06-28 00:00:00+00:00, run_after=2025-06-29 00:00:00+00:00
[2025-06-29T17:44:33.770+0000] {processor.py:183} INFO - Processing /opt/airflow/dags/hello_world_dag.py took 0.129 seconds
[2025-06-29T17:45:04.792+0000] {processor.py:161} INFO - Started process (PID=192) to work on /opt/airflow/dags/hello_world_dag.py
[2025-06-29T17:45:04.793+0000] {processor.py:830} INFO - Processing file /opt/airflow/dags/hello_world_dag.py for tasks to queue
[2025-06-29T17:45:04.795+0000] {logging_mixin.py:188} INFO - [2025-06-29T17:45:04.794+0000] {dagbag.py:538} INFO - Filling up the DagBag from /opt/airflow/dags/hello_world_dag.py
[2025-06-29T17:45:04.818+0000] {processor.py:840} INFO - DAG(s) 'hello_world_dag' retrieved from /opt/airflow/dags/hello_world_dag.py
[2025-06-29T17:45:04.849+0000] {logging_mixin.py:188} INFO - [2025-06-29T17:45:04.849+0000] {dag.py:3036} INFO - Sync 1 DAGs
[2025-06-29T17:45:04.875+0000] {logging_mixin.py:188} INFO - [2025-06-29T17:45:04.875+0000] {dag.py:3823} INFO - Setting next_dagrun for hello_world_dag to 2025-06-28 00:00:00+00:00, run_after=2025-06-29 00:00:00+00:00
[2025-06-29T17:45:04.903+0000] {processor.py:183} INFO - Processing /opt/airflow/dags/hello_world_dag.py took 0.116 seconds
[2025-06-29T17:45:35.989+0000] {processor.py:161} INFO - Started process (PID=202) to work on /opt/airflow/dags/hello_world_dag.py
[2025-06-29T17:45:35.991+0000] {processor.py:830} INFO - Processing file /opt/airflow/dags/hello_world_dag.py for tasks to queue
[2025-06-29T17:45:35.993+0000] {logging_mixin.py:188} INFO - [2025-06-29T17:45:35.992+0000] {dagbag.py:538} INFO - Filling up the DagBag from /opt/airflow/dags/hello_world_dag.py
[2025-06-29T17:45:36.021+0000] {processor.py:840} INFO - DAG(s) 'hello_world_dag' retrieved from /opt/airflow/dags/hello_world_dag.py
[2025-06-29T17:45:36.052+0000] {logging_mixin.py:188} INFO - [2025-06-29T17:45:36.052+0000] {dag.py:3036} INFO - Sync 1 DAGs
[2025-06-29T17:45:36.078+0000] {logging_mixin.py:188} INFO - [2025-06-29T17:45:36.077+0000] {dag.py:3823} INFO - Setting next_dagrun for hello_world_dag to 2025-06-28 00:00:00+00:00, run_after=2025-06-29 00:00:00+00:00
[2025-06-29T17:45:36.105+0000] {processor.py:183} INFO - Processing /opt/airflow/dags/hello_world_dag.py took 0.123 seconds
[2025-06-29T17:46:07.027+0000] {processor.py:161} INFO - Started process (PID=212) to work on /opt/airflow/dags/hello_world_dag.py
[2025-06-29T17:46:07.029+0000] {processor.py:830} INFO - Processing file /opt/airflow/dags/hello_world_dag.py for tasks to queue
[2025-06-29T17:46:07.031+0000] {logging_mixin.py:188} INFO - [2025-06-29T17:46:07.030+0000] {dagbag.py:538} INFO - Filling up the DagBag from /opt/airflow/dags/hello_world_dag.py
[2025-06-29T17:46:07.055+0000] {processor.py:840} INFO - DAG(s) 'hello_world_dag' retrieved from /opt/airflow/dags/hello_world_dag.py
[2025-06-29T17:46:07.085+0000] {logging_mixin.py:188} INFO - [2025-06-29T17:46:07.085+0000] {dag.py:3036} INFO - Sync 1 DAGs
[2025-06-29T17:46:07.112+0000] {logging_mixin.py:188} INFO - [2025-06-29T17:46:07.111+0000] {dag.py:3823} INFO - Setting next_dagrun for hello_world_dag to 2025-06-28 00:00:00+00:00, run_after=2025-06-29 00:00:00+00:00
[2025-06-29T17:46:07.138+0000] {processor.py:183} INFO - Processing /opt/airflow/dags/hello_world_dag.py took 0.116 seconds
[2025-06-29T17:46:51.969+0000] {processor.py:161} INFO - Started process (PID=170) to work on /opt/airflow/dags/hello_world_dag.py
[2025-06-29T17:46:51.972+0000] {processor.py:830} INFO - Processing file /opt/airflow/dags/hello_world_dag.py for tasks to queue
[2025-06-29T17:46:51.974+0000] {logging_mixin.py:188} INFO - [2025-06-29T17:46:51.973+0000] {dagbag.py:538} INFO - Filling up the DagBag from /opt/airflow/dags/hello_world_dag.py
[2025-06-29T17:46:52.020+0000] {processor.py:840} INFO - DAG(s) 'hello_world_dag' retrieved from /opt/airflow/dags/hello_world_dag.py
[2025-06-29T17:46:52.118+0000] {logging_mixin.py:188} INFO - [2025-06-29T17:46:52.118+0000] {dag.py:3036} INFO - Sync 1 DAGs
[2025-06-29T17:46:52.200+0000] {logging_mixin.py:188} INFO - [2025-06-29T17:46:52.199+0000] {dag.py:3823} INFO - Setting next_dagrun for hello_world_dag to 2025-06-28 00:00:00+00:00, run_after=2025-06-29 00:00:00+00:00
[2025-06-29T17:46:52.238+0000] {processor.py:183} INFO - Processing /opt/airflow/dags/hello_world_dag.py took 0.275 seconds
[2025-06-29T17:47:22.939+0000] {processor.py:161} INFO - Started process (PID=182) to work on /opt/airflow/dags/hello_world_dag.py
[2025-06-29T17:47:22.941+0000] {processor.py:830} INFO - Processing file /opt/airflow/dags/hello_world_dag.py for tasks to queue
[2025-06-29T17:47:22.942+0000] {logging_mixin.py:188} INFO - [2025-06-29T17:47:22.941+0000] {dagbag.py:538} INFO - Filling up the DagBag from /opt/airflow/dags/hello_world_dag.py
[2025-06-29T17:47:22.962+0000] {processor.py:840} INFO - DAG(s) 'hello_world_dag' retrieved from /opt/airflow/dags/hello_world_dag.py
[2025-06-29T17:47:22.992+0000] {logging_mixin.py:188} INFO - [2025-06-29T17:47:22.992+0000] {dag.py:3036} INFO - Sync 1 DAGs
[2025-06-29T17:47:23.023+0000] {logging_mixin.py:188} INFO - [2025-06-29T17:47:23.022+0000] {dag.py:3823} INFO - Setting next_dagrun for hello_world_dag to 2025-06-28 00:00:00+00:00, run_after=2025-06-29 00:00:00+00:00
[2025-06-29T17:47:23.054+0000] {processor.py:183} INFO - Processing /opt/airflow/dags/hello_world_dag.py took 0.118 seconds
[2025-06-29T17:47:53.151+0000] {processor.py:161} INFO - Started process (PID=192) to work on /opt/airflow/dags/hello_world_dag.py
[2025-06-29T17:47:53.152+0000] {processor.py:830} INFO - Processing file /opt/airflow/dags/hello_world_dag.py for tasks to queue
[2025-06-29T17:47:53.154+0000] {logging_mixin.py:188} INFO - [2025-06-29T17:47:53.154+0000] {dagbag.py:538} INFO - Filling up the DagBag from /opt/airflow/dags/hello_world_dag.py
[2025-06-29T17:47:53.183+0000] {processor.py:840} INFO - DAG(s) 'hello_world_dag' retrieved from /opt/airflow/dags/hello_world_dag.py
[2025-06-29T17:47:53.229+0000] {logging_mixin.py:188} INFO - [2025-06-29T17:47:53.228+0000] {dag.py:3036} INFO - Sync 1 DAGs
[2025-06-29T17:47:53.285+0000] {logging_mixin.py:188} INFO - [2025-06-29T17:47:53.285+0000] {dag.py:3823} INFO - Setting next_dagrun for hello_world_dag to 2025-06-28 00:00:00+00:00, run_after=2025-06-29 00:00:00+00:00
[2025-06-29T17:47:53.319+0000] {processor.py:183} INFO - Processing /opt/airflow/dags/hello_world_dag.py took 0.173 seconds
[2025-06-29T17:48:24.276+0000] {processor.py:161} INFO - Started process (PID=202) to work on /opt/airflow/dags/hello_world_dag.py
[2025-06-29T17:48:24.277+0000] {processor.py:830} INFO - Processing file /opt/airflow/dags/hello_world_dag.py for tasks to queue
[2025-06-29T17:48:24.279+0000] {logging_mixin.py:188} INFO - [2025-06-29T17:48:24.279+0000] {dagbag.py:538} INFO - Filling up the DagBag from /opt/airflow/dags/hello_world_dag.py
[2025-06-29T17:48:24.305+0000] {processor.py:840} INFO - DAG(s) 'hello_world_dag' retrieved from /opt/airflow/dags/hello_world_dag.py
[2025-06-29T17:48:24.338+0000] {logging_mixin.py:188} INFO - [2025-06-29T17:48:24.337+0000] {dag.py:3036} INFO - Sync 1 DAGs
[2025-06-29T17:48:24.368+0000] {logging_mixin.py:188} INFO - [2025-06-29T17:48:24.368+0000] {dag.py:3823} INFO - Setting next_dagrun for hello_world_dag to 2025-06-28 00:00:00+00:00, run_after=2025-06-29 00:00:00+00:00
[2025-06-29T17:48:24.404+0000] {processor.py:183} INFO - Processing /opt/airflow/dags/hello_world_dag.py took 0.132 seconds
[2025-06-29T17:48:55.289+0000] {processor.py:161} INFO - Started process (PID=212) to work on /opt/airflow/dags/hello_world_dag.py
[2025-06-29T17:48:55.291+0000] {processor.py:830} INFO - Processing file /opt/airflow/dags/hello_world_dag.py for tasks to queue
[2025-06-29T17:48:55.292+0000] {logging_mixin.py:188} INFO - [2025-06-29T17:48:55.291+0000] {dagbag.py:538} INFO - Filling up the DagBag from /opt/airflow/dags/hello_world_dag.py
[2025-06-29T17:48:55.317+0000] {processor.py:840} INFO - DAG(s) 'hello_world_dag' retrieved from /opt/airflow/dags/hello_world_dag.py
[2025-06-29T17:48:55.352+0000] {logging_mixin.py:188} INFO - [2025-06-29T17:48:55.351+0000] {dag.py:3036} INFO - Sync 1 DAGs
[2025-06-29T17:48:55.379+0000] {logging_mixin.py:188} INFO - [2025-06-29T17:48:55.378+0000] {dag.py:3823} INFO - Setting next_dagrun for hello_world_dag to 2025-06-28 00:00:00+00:00, run_after=2025-06-29 00:00:00+00:00
[2025-06-29T17:48:55.410+0000] {processor.py:183} INFO - Processing /opt/airflow/dags/hello_world_dag.py took 0.125 seconds
[2025-06-29T17:49:26.257+0000] {processor.py:161} INFO - Started process (PID=222) to work on /opt/airflow/dags/hello_world_dag.py
[2025-06-29T17:49:26.258+0000] {processor.py:830} INFO - Processing file /opt/airflow/dags/hello_world_dag.py for tasks to queue
[2025-06-29T17:49:26.259+0000] {logging_mixin.py:188} INFO - [2025-06-29T17:49:26.259+0000] {dagbag.py:538} INFO - Filling up the DagBag from /opt/airflow/dags/hello_world_dag.py
[2025-06-29T17:49:26.280+0000] {processor.py:840} INFO - DAG(s) 'hello_world_dag' retrieved from /opt/airflow/dags/hello_world_dag.py
[2025-06-29T17:49:26.308+0000] {logging_mixin.py:188} INFO - [2025-06-29T17:49:26.308+0000] {dag.py:3036} INFO - Sync 1 DAGs
[2025-06-29T17:49:26.333+0000] {logging_mixin.py:188} INFO - [2025-06-29T17:49:26.333+0000] {dag.py:3823} INFO - Setting next_dagrun for hello_world_dag to 2025-06-28 00:00:00+00:00, run_after=2025-06-29 00:00:00+00:00
[2025-06-29T17:49:26.362+0000] {processor.py:183} INFO - Processing /opt/airflow/dags/hello_world_dag.py took 0.109 seconds
[2025-06-29T17:49:56.563+0000] {processor.py:161} INFO - Started process (PID=232) to work on /opt/airflow/dags/hello_world_dag.py
[2025-06-29T17:49:56.565+0000] {processor.py:830} INFO - Processing file /opt/airflow/dags/hello_world_dag.py for tasks to queue
[2025-06-29T17:49:56.566+0000] {logging_mixin.py:188} INFO - [2025-06-29T17:49:56.566+0000] {dagbag.py:538} INFO - Filling up the DagBag from /opt/airflow/dags/hello_world_dag.py
[2025-06-29T17:49:56.586+0000] {processor.py:840} INFO - DAG(s) 'hello_world_dag' retrieved from /opt/airflow/dags/hello_world_dag.py
[2025-06-29T17:49:56.613+0000] {logging_mixin.py:188} INFO - [2025-06-29T17:49:56.613+0000] {dag.py:3036} INFO - Sync 1 DAGs
[2025-06-29T17:49:56.639+0000] {logging_mixin.py:188} INFO - [2025-06-29T17:49:56.639+0000] {dag.py:3823} INFO - Setting next_dagrun for hello_world_dag to 2025-06-28 00:00:00+00:00, run_after=2025-06-29 00:00:00+00:00
[2025-06-29T17:49:56.666+0000] {processor.py:183} INFO - Processing /opt/airflow/dags/hello_world_dag.py took 0.109 seconds
[2025-06-29T17:50:27.548+0000] {processor.py:161} INFO - Started process (PID=242) to work on /opt/airflow/dags/hello_world_dag.py
[2025-06-29T17:50:27.549+0000] {processor.py:830} INFO - Processing file /opt/airflow/dags/hello_world_dag.py for tasks to queue
[2025-06-29T17:50:27.550+0000] {logging_mixin.py:188} INFO - [2025-06-29T17:50:27.550+0000] {dagbag.py:538} INFO - Filling up the DagBag from /opt/airflow/dags/hello_world_dag.py
[2025-06-29T17:50:27.571+0000] {processor.py:840} INFO - DAG(s) 'hello_world_dag' retrieved from /opt/airflow/dags/hello_world_dag.py
[2025-06-29T17:50:27.601+0000] {logging_mixin.py:188} INFO - [2025-06-29T17:50:27.601+0000] {dag.py:3036} INFO - Sync 1 DAGs
[2025-06-29T17:50:27.626+0000] {logging_mixin.py:188} INFO - [2025-06-29T17:50:27.626+0000] {dag.py:3823} INFO - Setting next_dagrun for hello_world_dag to 2025-06-28 00:00:00+00:00, run_after=2025-06-29 00:00:00+00:00
[2025-06-29T17:50:27.653+0000] {processor.py:183} INFO - Processing /opt/airflow/dags/hello_world_dag.py took 0.109 seconds
[2025-06-29T17:50:57.734+0000] {processor.py:161} INFO - Started process (PID=252) to work on /opt/airflow/dags/hello_world_dag.py
[2025-06-29T17:50:57.736+0000] {processor.py:830} INFO - Processing file /opt/airflow/dags/hello_world_dag.py for tasks to queue
[2025-06-29T17:50:57.737+0000] {logging_mixin.py:188} INFO - [2025-06-29T17:50:57.737+0000] {dagbag.py:538} INFO - Filling up the DagBag from /opt/airflow/dags/hello_world_dag.py
[2025-06-29T17:50:57.760+0000] {processor.py:840} INFO - DAG(s) 'hello_world_dag' retrieved from /opt/airflow/dags/hello_world_dag.py
[2025-06-29T17:50:57.788+0000] {logging_mixin.py:188} INFO - [2025-06-29T17:50:57.787+0000] {dag.py:3036} INFO - Sync 1 DAGs
[2025-06-29T17:50:57.811+0000] {logging_mixin.py:188} INFO - [2025-06-29T17:50:57.811+0000] {dag.py:3823} INFO - Setting next_dagrun for hello_world_dag to 2025-06-28 00:00:00+00:00, run_after=2025-06-29 00:00:00+00:00
[2025-06-29T17:50:57.840+0000] {processor.py:183} INFO - Processing /opt/airflow/dags/hello_world_dag.py took 0.110 seconds
[2025-06-29T17:51:28.835+0000] {processor.py:161} INFO - Started process (PID=270) to work on /opt/airflow/dags/hello_world_dag.py
[2025-06-29T17:51:28.836+0000] {processor.py:830} INFO - Processing file /opt/airflow/dags/hello_world_dag.py for tasks to queue
[2025-06-29T17:51:28.838+0000] {logging_mixin.py:188} INFO - [2025-06-29T17:51:28.837+0000] {dagbag.py:538} INFO - Filling up the DagBag from /opt/airflow/dags/hello_world_dag.py
[2025-06-29T17:51:28.864+0000] {processor.py:840} INFO - DAG(s) 'hello_world_dag' retrieved from /opt/airflow/dags/hello_world_dag.py
[2025-06-29T17:51:28.895+0000] {logging_mixin.py:188} INFO - [2025-06-29T17:51:28.895+0000] {dag.py:3036} INFO - Sync 1 DAGs
[2025-06-29T17:51:28.922+0000] {logging_mixin.py:188} INFO - [2025-06-29T17:51:28.922+0000] {dag.py:3823} INFO - Setting next_dagrun for hello_world_dag to 2025-06-28 00:00:00+00:00, run_after=2025-06-29 00:00:00+00:00
[2025-06-29T17:51:28.950+0000] {processor.py:183} INFO - Processing /opt/airflow/dags/hello_world_dag.py took 0.119 seconds
[2025-06-29T17:51:59.621+0000] {processor.py:161} INFO - Started process (PID=280) to work on /opt/airflow/dags/hello_world_dag.py
[2025-06-29T17:51:59.622+0000] {processor.py:830} INFO - Processing file /opt/airflow/dags/hello_world_dag.py for tasks to queue
[2025-06-29T17:51:59.624+0000] {logging_mixin.py:188} INFO - [2025-06-29T17:51:59.623+0000] {dagbag.py:538} INFO - Filling up the DagBag from /opt/airflow/dags/hello_world_dag.py
[2025-06-29T17:51:59.647+0000] {processor.py:840} INFO - DAG(s) 'hello_world_dag' retrieved from /opt/airflow/dags/hello_world_dag.py
[2025-06-29T17:51:59.681+0000] {logging_mixin.py:188} INFO - [2025-06-29T17:51:59.681+0000] {dag.py:3036} INFO - Sync 1 DAGs
[2025-06-29T17:51:59.708+0000] {logging_mixin.py:188} INFO - [2025-06-29T17:51:59.708+0000] {dag.py:3823} INFO - Setting next_dagrun for hello_world_dag to 2025-06-28 00:00:00+00:00, run_after=2025-06-29 00:00:00+00:00
[2025-06-29T17:51:59.736+0000] {processor.py:183} INFO - Processing /opt/airflow/dags/hello_world_dag.py took 0.119 seconds
[2025-06-29T17:52:29.877+0000] {processor.py:161} INFO - Started process (PID=290) to work on /opt/airflow/dags/hello_world_dag.py
[2025-06-29T17:52:29.878+0000] {processor.py:830} INFO - Processing file /opt/airflow/dags/hello_world_dag.py for tasks to queue
[2025-06-29T17:52:29.880+0000] {logging_mixin.py:188} INFO - [2025-06-29T17:52:29.879+0000] {dagbag.py:538} INFO - Filling up the DagBag from /opt/airflow/dags/hello_world_dag.py
[2025-06-29T17:52:29.903+0000] {processor.py:840} INFO - DAG(s) 'hello_world_dag' retrieved from /opt/airflow/dags/hello_world_dag.py
[2025-06-29T17:52:29.929+0000] {logging_mixin.py:188} INFO - [2025-06-29T17:52:29.929+0000] {dag.py:3036} INFO - Sync 1 DAGs
[2025-06-29T17:52:29.955+0000] {logging_mixin.py:188} INFO - [2025-06-29T17:52:29.955+0000] {dag.py:3823} INFO - Setting next_dagrun for hello_world_dag to 2025-06-28 00:00:00+00:00, run_after=2025-06-29 00:00:00+00:00
[2025-06-29T17:52:29.982+0000] {processor.py:183} INFO - Processing /opt/airflow/dags/hello_world_dag.py took 0.109 seconds
[2025-06-29T17:53:00.876+0000] {processor.py:161} INFO - Started process (PID=300) to work on /opt/airflow/dags/hello_world_dag.py
[2025-06-29T17:53:00.877+0000] {processor.py:830} INFO - Processing file /opt/airflow/dags/hello_world_dag.py for tasks to queue
[2025-06-29T17:53:00.879+0000] {logging_mixin.py:188} INFO - [2025-06-29T17:53:00.878+0000] {dagbag.py:538} INFO - Filling up the DagBag from /opt/airflow/dags/hello_world_dag.py
[2025-06-29T17:53:00.901+0000] {processor.py:840} INFO - DAG(s) 'hello_world_dag' retrieved from /opt/airflow/dags/hello_world_dag.py
[2025-06-29T17:53:00.928+0000] {logging_mixin.py:188} INFO - [2025-06-29T17:53:00.928+0000] {dag.py:3036} INFO - Sync 1 DAGs
[2025-06-29T17:53:00.955+0000] {logging_mixin.py:188} INFO - [2025-06-29T17:53:00.954+0000] {dag.py:3823} INFO - Setting next_dagrun for hello_world_dag to 2025-06-28 00:00:00+00:00, run_after=2025-06-29 00:00:00+00:00
[2025-06-29T17:53:00.981+0000] {processor.py:183} INFO - Processing /opt/airflow/dags/hello_world_dag.py took 0.109 seconds
[2025-06-29T17:53:31.038+0000] {processor.py:161} INFO - Started process (PID=310) to work on /opt/airflow/dags/hello_world_dag.py
[2025-06-29T17:53:31.040+0000] {processor.py:830} INFO - Processing file /opt/airflow/dags/hello_world_dag.py for tasks to queue
[2025-06-29T17:53:31.041+0000] {logging_mixin.py:188} INFO - [2025-06-29T17:53:31.041+0000] {dagbag.py:538} INFO - Filling up the DagBag from /opt/airflow/dags/hello_world_dag.py
[2025-06-29T17:53:31.064+0000] {processor.py:840} INFO - DAG(s) 'hello_world_dag' retrieved from /opt/airflow/dags/hello_world_dag.py
[2025-06-29T17:53:31.094+0000] {logging_mixin.py:188} INFO - [2025-06-29T17:53:31.094+0000] {dag.py:3036} INFO - Sync 1 DAGs
[2025-06-29T17:53:31.120+0000] {logging_mixin.py:188} INFO - [2025-06-29T17:53:31.119+0000] {dag.py:3823} INFO - Setting next_dagrun for hello_world_dag to 2025-06-28 00:00:00+00:00, run_after=2025-06-29 00:00:00+00:00
[2025-06-29T17:53:31.148+0000] {processor.py:183} INFO - Processing /opt/airflow/dags/hello_world_dag.py took 0.116 seconds
[2025-06-29T17:54:02.117+0000] {processor.py:161} INFO - Started process (PID=320) to work on /opt/airflow/dags/hello_world_dag.py
[2025-06-29T17:54:02.118+0000] {processor.py:830} INFO - Processing file /opt/airflow/dags/hello_world_dag.py for tasks to queue
[2025-06-29T17:54:02.120+0000] {logging_mixin.py:188} INFO - [2025-06-29T17:54:02.119+0000] {dagbag.py:538} INFO - Filling up the DagBag from /opt/airflow/dags/hello_world_dag.py
[2025-06-29T17:54:02.141+0000] {processor.py:840} INFO - DAG(s) 'hello_world_dag' retrieved from /opt/airflow/dags/hello_world_dag.py
[2025-06-29T17:54:02.168+0000] {logging_mixin.py:188} INFO - [2025-06-29T17:54:02.168+0000] {dag.py:3036} INFO - Sync 1 DAGs
[2025-06-29T17:54:02.193+0000] {logging_mixin.py:188} INFO - [2025-06-29T17:54:02.193+0000] {dag.py:3823} INFO - Setting next_dagrun for hello_world_dag to 2025-06-28 00:00:00+00:00, run_after=2025-06-29 00:00:00+00:00
[2025-06-29T17:54:02.219+0000] {processor.py:183} INFO - Processing /opt/airflow/dags/hello_world_dag.py took 0.106 seconds
[2025-06-29T17:54:33.189+0000] {processor.py:161} INFO - Started process (PID=330) to work on /opt/airflow/dags/hello_world_dag.py
[2025-06-29T17:54:33.190+0000] {processor.py:830} INFO - Processing file /opt/airflow/dags/hello_world_dag.py for tasks to queue
[2025-06-29T17:54:33.191+0000] {logging_mixin.py:188} INFO - [2025-06-29T17:54:33.191+0000] {dagbag.py:538} INFO - Filling up the DagBag from /opt/airflow/dags/hello_world_dag.py
[2025-06-29T17:54:33.213+0000] {processor.py:840} INFO - DAG(s) 'hello_world_dag' retrieved from /opt/airflow/dags/hello_world_dag.py
[2025-06-29T17:54:33.242+0000] {logging_mixin.py:188} INFO - [2025-06-29T17:54:33.241+0000] {dag.py:3036} INFO - Sync 1 DAGs
[2025-06-29T17:54:33.267+0000] {logging_mixin.py:188} INFO - [2025-06-29T17:54:33.266+0000] {dag.py:3823} INFO - Setting next_dagrun for hello_world_dag to 2025-06-28 00:00:00+00:00, run_after=2025-06-29 00:00:00+00:00
[2025-06-29T17:54:33.300+0000] {processor.py:183} INFO - Processing /opt/airflow/dags/hello_world_dag.py took 0.115 seconds
[2025-06-29T17:55:04.163+0000] {processor.py:161} INFO - Started process (PID=340) to work on /opt/airflow/dags/hello_world_dag.py
[2025-06-29T17:55:04.164+0000] {processor.py:830} INFO - Processing file /opt/airflow/dags/hello_world_dag.py for tasks to queue
[2025-06-29T17:55:04.165+0000] {logging_mixin.py:188} INFO - [2025-06-29T17:55:04.165+0000] {dagbag.py:538} INFO - Filling up the DagBag from /opt/airflow/dags/hello_world_dag.py
[2025-06-29T17:55:04.187+0000] {processor.py:840} INFO - DAG(s) 'hello_world_dag' retrieved from /opt/airflow/dags/hello_world_dag.py
[2025-06-29T17:55:04.220+0000] {logging_mixin.py:188} INFO - [2025-06-29T17:55:04.220+0000] {dag.py:3036} INFO - Sync 1 DAGs
[2025-06-29T17:55:04.247+0000] {logging_mixin.py:188} INFO - [2025-06-29T17:55:04.247+0000] {dag.py:3823} INFO - Setting next_dagrun for hello_world_dag to 2025-06-28 00:00:00+00:00, run_after=2025-06-29 00:00:00+00:00
[2025-06-29T17:55:04.276+0000] {processor.py:183} INFO - Processing /opt/airflow/dags/hello_world_dag.py took 0.118 seconds
[2025-06-29T17:55:34.362+0000] {processor.py:161} INFO - Started process (PID=350) to work on /opt/airflow/dags/hello_world_dag.py
[2025-06-29T17:55:34.364+0000] {processor.py:830} INFO - Processing file /opt/airflow/dags/hello_world_dag.py for tasks to queue
[2025-06-29T17:55:34.365+0000] {logging_mixin.py:188} INFO - [2025-06-29T17:55:34.365+0000] {dagbag.py:538} INFO - Filling up the DagBag from /opt/airflow/dags/hello_world_dag.py
[2025-06-29T17:55:34.388+0000] {processor.py:840} INFO - DAG(s) 'hello_world_dag' retrieved from /opt/airflow/dags/hello_world_dag.py
[2025-06-29T17:55:34.416+0000] {logging_mixin.py:188} INFO - [2025-06-29T17:55:34.415+0000] {dag.py:3036} INFO - Sync 1 DAGs
[2025-06-29T17:55:34.442+0000] {logging_mixin.py:188} INFO - [2025-06-29T17:55:34.442+0000] {dag.py:3823} INFO - Setting next_dagrun for hello_world_dag to 2025-06-28 00:00:00+00:00, run_after=2025-06-29 00:00:00+00:00
[2025-06-29T17:55:34.470+0000] {processor.py:183} INFO - Processing /opt/airflow/dags/hello_world_dag.py took 0.112 seconds
[2025-06-29T17:56:05.461+0000] {processor.py:161} INFO - Started process (PID=360) to work on /opt/airflow/dags/hello_world_dag.py
[2025-06-29T17:56:05.462+0000] {processor.py:830} INFO - Processing file /opt/airflow/dags/hello_world_dag.py for tasks to queue
[2025-06-29T17:56:05.464+0000] {logging_mixin.py:188} INFO - [2025-06-29T17:56:05.464+0000] {dagbag.py:538} INFO - Filling up the DagBag from /opt/airflow/dags/hello_world_dag.py
[2025-06-29T17:56:05.490+0000] {processor.py:840} INFO - DAG(s) 'hello_world_dag' retrieved from /opt/airflow/dags/hello_world_dag.py
[2025-06-29T17:56:05.520+0000] {logging_mixin.py:188} INFO - [2025-06-29T17:56:05.520+0000] {dag.py:3036} INFO - Sync 1 DAGs
[2025-06-29T17:56:05.544+0000] {logging_mixin.py:188} INFO - [2025-06-29T17:56:05.544+0000] {dag.py:3823} INFO - Setting next_dagrun for hello_world_dag to 2025-06-28 00:00:00+00:00, run_after=2025-06-29 00:00:00+00:00
[2025-06-29T17:56:05.574+0000] {processor.py:183} INFO - Processing /opt/airflow/dags/hello_world_dag.py took 0.117 seconds
[2025-06-29T17:56:36.325+0000] {processor.py:161} INFO - Started process (PID=370) to work on /opt/airflow/dags/hello_world_dag.py
[2025-06-29T17:56:36.327+0000] {processor.py:830} INFO - Processing file /opt/airflow/dags/hello_world_dag.py for tasks to queue
[2025-06-29T17:56:36.328+0000] {logging_mixin.py:188} INFO - [2025-06-29T17:56:36.327+0000] {dagbag.py:538} INFO - Filling up the DagBag from /opt/airflow/dags/hello_world_dag.py
[2025-06-29T17:56:36.354+0000] {processor.py:840} INFO - DAG(s) 'hello_world_dag' retrieved from /opt/airflow/dags/hello_world_dag.py
[2025-06-29T17:56:36.390+0000] {logging_mixin.py:188} INFO - [2025-06-29T17:56:36.390+0000] {dag.py:3036} INFO - Sync 1 DAGs
[2025-06-29T17:56:36.420+0000] {logging_mixin.py:188} INFO - [2025-06-29T17:56:36.419+0000] {dag.py:3823} INFO - Setting next_dagrun for hello_world_dag to 2025-06-28 00:00:00+00:00, run_after=2025-06-29 00:00:00+00:00
[2025-06-29T17:56:36.447+0000] {processor.py:183} INFO - Processing /opt/airflow/dags/hello_world_dag.py took 0.127 seconds
[2025-06-29T17:57:06.544+0000] {processor.py:161} INFO - Started process (PID=380) to work on /opt/airflow/dags/hello_world_dag.py
[2025-06-29T17:57:06.546+0000] {processor.py:830} INFO - Processing file /opt/airflow/dags/hello_world_dag.py for tasks to queue
[2025-06-29T17:57:06.547+0000] {logging_mixin.py:188} INFO - [2025-06-29T17:57:06.547+0000] {dagbag.py:538} INFO - Filling up the DagBag from /opt/airflow/dags/hello_world_dag.py
[2025-06-29T17:57:06.568+0000] {processor.py:840} INFO - DAG(s) 'hello_world_dag' retrieved from /opt/airflow/dags/hello_world_dag.py
[2025-06-29T17:57:06.596+0000] {logging_mixin.py:188} INFO - [2025-06-29T17:57:06.596+0000] {dag.py:3036} INFO - Sync 1 DAGs
[2025-06-29T17:57:06.622+0000] {logging_mixin.py:188} INFO - [2025-06-29T17:57:06.622+0000] {dag.py:3823} INFO - Setting next_dagrun for hello_world_dag to 2025-06-28 00:00:00+00:00, run_after=2025-06-29 00:00:00+00:00
[2025-06-29T17:57:06.650+0000] {processor.py:183} INFO - Processing /opt/airflow/dags/hello_world_dag.py took 0.110 seconds
